<?xml version="1.0" encoding="UTF-8"?>
<!-- Generated by org.testng.reporters.JUnitXMLReporter -->
<testsuite hostname="DESKTOP-LAETJ5A" failures="1" tests="121" name="Default test" time="2638.953" errors="0" timestamp="20 Sep 2021 11:00:42 GMT">
  <testcase classname="com.Budgets.Utility.Electricity.PR008_Budget_V3_TC051_Utility_Electricity_TPRs_Factors_TransmissionLossFactors_ValidInput_GreenValidation" name="@BeforeClass LoadUrl" time="0.0">
    <failure type="org.openqa.selenium.TimeoutException" message="Expected condition failed: waiting for presence of element located by: By.xpath: //*[@href=&amp;apos;/core/Home/LoginMicrosoft&amp;apos;] (tried for 15 second(s) with 100 milliseconds interval)">
      <![CDATA[org.openqa.selenium.TimeoutException: Expected condition failed: waiting for presence of element located by: By.xpath: //*[@href='/core/Home/LoginMicrosoft'] (tried for 15 second(s) with 100 milliseconds interval)
	at org.openqa.selenium.support.ui.WebDriverWait.timeoutException(WebDriverWait.java:95)
	at org.openqa.selenium.support.ui.FluentWait.until(FluentWait.java:272)
	at com.Base.SeleniumHandlers.ElementHandler.waitPresence(ElementHandler.java:35)
	at com.Base.SeleniumHandlers.ElementHandler.waitClickable(ElementHandler.java:72)
	at com.Base.LoginPageHandler.Login(LoginPageHandler.java:18)
	at com.Budgets.AbstractTestNg.LoadUrl(AbstractTestNg.java:58)
	at jdk.internal.reflect.GeneratedMethodAccessor1.invoke(Unknown Source)
	at java.base/jdk.internal.reflect.DelegatingMethodAccessorImpl.invoke(DelegatingMethodAccessorImpl.java:43)
	at java.base/java.lang.reflect.Method.invoke(Method.java:567)
	at org.testng.internal.MethodInvocationHelper.invokeMethod(MethodInvocationHelper.java:80)
	at org.testng.internal.Invoker.invokeConfigurationMethod(Invoker.java:564)
	at org.testng.internal.Invoker.invokeConfigurations(Invoker.java:213)
	at org.testng.internal.Invoker.invokeConfigurations(Invoker.java:138)
	at org.testng.internal.TestMethodWorker.invokeBeforeClassMethods(TestMethodWorker.java:175)
	at org.testng.internal.TestMethodWorker.run(TestMethodWorker.java:107)
	at org.testng.TestRunner.privateRun(TestRunner.java:767)
	at org.testng.TestRunner.run(TestRunner.java:617)
	at org.testng.SuiteRunner.runTest(SuiteRunner.java:334)
	at org.testng.SuiteRunner.runSequentially(SuiteRunner.java:329)
	at org.testng.SuiteRunner.privateRun(SuiteRunner.java:291)
	at org.testng.SuiteRunner.run(SuiteRunner.java:240)
	at org.testng.SuiteRunnerWorker.runSuite(SuiteRunnerWorker.java:52)
	at org.testng.SuiteRunnerWorker.run(SuiteRunnerWorker.java:86)
	at org.testng.TestNG.runSuitesSequentially(TestNG.java:1198)
	at org.testng.TestNG.runSuitesLocally(TestNG.java:1123)
	at org.testng.TestNG.run(TestNG.java:1031)
	at org.testng.remote.AbstractRemoteTestNG.run(AbstractRemoteTestNG.java:115)
	at org.testng.remote.RemoteTestNG.initAndRun(RemoteTestNG.java:251)
	at org.testng.remote.RemoteTestNG.main(RemoteTestNG.java:77)
Caused by: org.openqa.selenium.NoSuchElementException: no such element: Unable to locate element: {"method":"xpath","selector":"//*[@href='/core/Home/LoginMicrosoft']"}
  (Session info: chrome=93.0.4577.82)
For documentation on this error, please visit: https://www.seleniumhq.org/exceptions/no_such_element.html
Build info: version: '3.141.59', revision: 'e82be7d358', time: '2018-11-14T08:17:03'
System info: host: 'DESKTOP-LAETJ5A', ip: '192.168.0.187', os.name: 'Windows 10', os.arch: 'amd64', os.version: '10.0', java.version: '16.0.2'
Driver info: org.openqa.selenium.chrome.ChromeDriver
Capabilities {acceptInsecureCerts: false, browserName: chrome, browserVersion: 93.0.4577.82, chrome: {chromedriverVersion: 92.0.4515.107 (87a818b10553..., userDataDir: C:\Users\Swapnja\AppData\Lo...}, goog:chromeOptions: {debuggerAddress: localhost:51866}, javascriptEnabled: true, networkConnectionEnabled: false, pageLoadStrategy: normal, platform: WINDOWS, platformName: WINDOWS, proxy: Proxy(), setWindowRect: true, strictFileInteractability: false, timeouts: {implicit: 0, pageLoad: 300000, script: 30000}, unhandledPromptBehavior: dismiss and notify, webauthn:extension:credBlob: true, webauthn:extension:largeBlob: true, webauthn:virtualAuthenticators: true}
Session ID: e7ae34e3ee41eead489b14849139c30e
*** Element info: {Using=xpath, value=//*[@href='/core/Home/LoginMicrosoft']}
	at java.base/jdk.internal.reflect.NativeConstructorAccessorImpl.newInstance0(Native Method)
	at java.base/jdk.internal.reflect.NativeConstructorAccessorImpl.newInstance(NativeConstructorAccessorImpl.java:78)
	at java.base/jdk.internal.reflect.DelegatingConstructorAccessorImpl.newInstance(DelegatingConstructorAccessorImpl.java:45)
	at java.base/java.lang.reflect.Constructor.newInstanceWithCaller(Constructor.java:499)
	at java.base/java.lang.reflect.Constructor.newInstance(Constructor.java:480)
	at org.openqa.selenium.remote.http.W3CHttpResponseCodec.createException(W3CHttpResponseCodec.java:187)
	at org.openqa.selenium.remote.http.W3CHttpResponseCodec.decode(W3CHttpResponseCodec.java:122)
	at org.openqa.selenium.remote.http.W3CHttpResponseCodec.decode(W3CHttpResponseCodec.java:49)
	at org.openqa.selenium.remote.HttpCommandExecutor.execute(HttpCommandExecutor.java:158)
	at org.openqa.selenium.remote.service.DriverCommandExecutor.execute(DriverCommandExecutor.java:83)
	at org.openqa.selenium.remote.RemoteWebDriver.execute(RemoteWebDriver.java:552)
	at org.openqa.selenium.remote.RemoteWebDriver.findElement(RemoteWebDriver.java:323)
	at org.openqa.selenium.remote.RemoteWebDriver.findElementByXPath(RemoteWebDriver.java:428)
	at org.openqa.selenium.By$ByXPath.findElement(By.java:353)
	at org.openqa.selenium.remote.RemoteWebDriver.findElement(RemoteWebDriver.java:315)
	at org.openqa.selenium.support.ui.ExpectedConditions$6.apply(ExpectedConditions.java:182)
	at org.openqa.selenium.support.ui.ExpectedConditions$6.apply(ExpectedConditions.java:179)
	at org.openqa.selenium.support.ui.FluentWait.until(FluentWait.java:249)
	... 27 more
]]>
    </failure>
  </testcase> <!-- @BeforeClass LoadUrl -->
  <testcase classname="com.Budgets.Utility.Electricity.PR008_Budget_V3_TC051_Utility_Electricity_TPRs_Factors_TransmissionLossFactors_ValidInput_GreenValidation" name="@BeforeMethod accessBud" time="0.0">
    <skipped/>
  </testcase> <!-- @BeforeMethod accessBud -->
  <testcase classname="com.Budgets.Utility.Electricity.PR008_Budget_V3_TC051_Utility_Electricity_TPRs_Factors_TransmissionLossFactors_ValidInput_GreenValidation" name="@AfterMethod handleFailure" time="0.0">
    <skipped/>
  </testcase> <!-- @AfterMethod handleFailure -->
  <testcase classname="com.Budgets.Utility.Electricity.PR008_Budget_V3_TC051_Utility_Electricity_TPRs_Factors_TransmissionLossFactors_ValidInput_GreenValidation" name="@AfterClass terminateBrowser" time="0.0">
    <skipped/>
  </testcase> <!-- @AfterClass terminateBrowser -->
  <testcase classname="com.Budgets.Utility.Electricity.PR008_Budget_V3_TC112_BudgetConsole_Electricity_InformationTab_Calculate_GreenValidation" name="@BeforeClass LoadUrl" time="0.0">
    <skipped/>
  </testcase> <!-- @BeforeClass LoadUrl -->
  <testcase classname="com.Budgets.Utility.Electricity.PR008_Budget_V3_TC112_BudgetConsole_Electricity_InformationTab_Calculate_GreenValidation" name="@BeforeMethod accessBud" time="0.0">
    <skipped/>
  </testcase> <!-- @BeforeMethod accessBud -->
  <testcase classname="com.Budgets.Utility.Electricity.PR008_Budget_V3_TC112_BudgetConsole_Electricity_InformationTab_Calculate_GreenValidation" name="@AfterMethod handleFailure" time="0.0">
    <skipped/>
  </testcase> <!-- @AfterMethod handleFailure -->
  <testcase classname="com.Budgets.Utility.Electricity.PR008_Budget_V3_TC112_BudgetConsole_Electricity_InformationTab_Calculate_GreenValidation" name="@AfterClass terminateBrowser" time="0.0">
    <skipped/>
  </testcase> <!-- @AfterClass terminateBrowser -->
  <testcase classname="com.Budgets.Utility.Electricity.PR008_Budget_V3_TC083_Utility_Electricity_ContractCharges_ValidInput_AmberValidation_CancelledImport" name="@BeforeClass LoadUrl" time="0.0">
    <skipped/>
  </testcase> <!-- @BeforeClass LoadUrl -->
  <testcase classname="com.Budgets.Utility.Electricity.PR008_Budget_V3_TC083_Utility_Electricity_ContractCharges_ValidInput_AmberValidation_CancelledImport" name="@BeforeMethod accessBud" time="0.0">
    <skipped/>
  </testcase> <!-- @BeforeMethod accessBud -->
  <testcase classname="com.Budgets.Utility.Electricity.PR008_Budget_V3_TC083_Utility_Electricity_ContractCharges_ValidInput_AmberValidation_CancelledImport" name="@AfterMethod handleFailure" time="0.0">
    <skipped/>
  </testcase> <!-- @AfterMethod handleFailure -->
  <testcase classname="com.Budgets.Utility.Electricity.PR008_Budget_V3_TC083_Utility_Electricity_ContractCharges_ValidInput_AmberValidation_CancelledImport" name="@AfterClass terminateBrowser" time="0.0">
    <skipped/>
  </testcase> <!-- @AfterClass terminateBrowser -->
  <testcase classname="com.Budgets.Utility.Electricity.PR008_Budget_V3_TC069_Utility_Electricity_Meters_InvalidInput_AmberAndRedValidation_FailedImport" name="@BeforeClass LoadUrl" time="0.0">
    <skipped/>
  </testcase> <!-- @BeforeClass LoadUrl -->
  <testcase classname="com.Budgets.Utility.Electricity.PR008_Budget_V3_TC069_Utility_Electricity_Meters_InvalidInput_AmberAndRedValidation_FailedImport" name="@BeforeMethod accessBud" time="0.0">
    <skipped/>
  </testcase> <!-- @BeforeMethod accessBud -->
  <testcase classname="com.Budgets.Utility.Electricity.PR008_Budget_V3_TC069_Utility_Electricity_Meters_InvalidInput_AmberAndRedValidation_FailedImport" name="@AfterMethod handleFailure" time="0.0">
    <skipped/>
  </testcase> <!-- @AfterMethod handleFailure -->
  <testcase classname="com.Budgets.Utility.Electricity.PR008_Budget_V3_TC069_Utility_Electricity_Meters_InvalidInput_AmberAndRedValidation_FailedImport" name="@AfterClass terminateBrowser" time="0.0">
    <skipped/>
  </testcase> <!-- @AfterClass terminateBrowser -->
  <testcase classname="com.Budgets.Utility.Electricity.PR008_Budget_V3_TC107_Utility_Electricity_TPRs_Factors_DNORAGTimes_ValidInput_GreenValidation_CancelledImport" name="@BeforeClass LoadUrl" time="0.0">
    <skipped/>
  </testcase> <!-- @BeforeClass LoadUrl -->
  <testcase classname="com.Budgets.Utility.Electricity.PR008_Budget_V3_TC107_Utility_Electricity_TPRs_Factors_DNORAGTimes_ValidInput_GreenValidation_CancelledImport" name="@BeforeMethod accessBud" time="0.0">
    <skipped/>
  </testcase> <!-- @BeforeMethod accessBud -->
  <testcase classname="com.Budgets.Utility.Electricity.PR008_Budget_V3_TC107_Utility_Electricity_TPRs_Factors_DNORAGTimes_ValidInput_GreenValidation_CancelledImport" name="@AfterMethod handleFailure" time="0.0">
    <skipped/>
  </testcase> <!-- @AfterMethod handleFailure -->
  <testcase classname="com.Budgets.Utility.Electricity.PR008_Budget_V3_TC107_Utility_Electricity_TPRs_Factors_DNORAGTimes_ValidInput_GreenValidation_CancelledImport" name="@AfterClass terminateBrowser" time="0.0">
    <skipped/>
  </testcase> <!-- @AfterClass terminateBrowser -->
  <testcase classname="com.Budgets.Utility.Electricity.PR008_Budget_V3_TC125_BudgetConsole_Electricity_BudgetComparison_InvalidHeader" name="@BeforeClass LoadUrl" time="0.0">
    <skipped/>
  </testcase> <!-- @BeforeClass LoadUrl -->
  <testcase classname="com.Budgets.Utility.Electricity.PR008_Budget_V3_TC125_BudgetConsole_Electricity_BudgetComparison_InvalidHeader" name="@BeforeMethod accessBud" time="0.0">
    <skipped/>
  </testcase> <!-- @BeforeMethod accessBud -->
  <testcase classname="com.Budgets.Utility.Electricity.PR008_Budget_V3_TC125_BudgetConsole_Electricity_BudgetComparison_InvalidHeader" name="@AfterMethod handleFailure" time="0.0">
    <skipped/>
  </testcase> <!-- @AfterMethod handleFailure -->
  <testcase classname="com.Budgets.Utility.Electricity.PR008_Budget_V3_TC125_BudgetConsole_Electricity_BudgetComparison_InvalidHeader" name="@AfterClass terminateBrowser" time="0.0">
    <skipped/>
  </testcase> <!-- @AfterClass terminateBrowser -->
  <testcase classname="com.Budgets.Utility.Electricity.PR008_Budget_V3_TC078_Utility_Electricity_KVArh_InvalidInput_RedValidation_FailedImport" name="@BeforeClass LoadUrl" time="0.0">
    <skipped/>
  </testcase> <!-- @BeforeClass LoadUrl -->
  <testcase classname="com.Budgets.Utility.Electricity.PR008_Budget_V3_TC078_Utility_Electricity_KVArh_InvalidInput_RedValidation_FailedImport" name="@BeforeMethod accessBud" time="0.0">
    <skipped/>
  </testcase> <!-- @BeforeMethod accessBud -->
  <testcase classname="com.Budgets.Utility.Electricity.PR008_Budget_V3_TC078_Utility_Electricity_KVArh_InvalidInput_RedValidation_FailedImport" name="@AfterMethod handleFailure" time="0.0">
    <skipped/>
  </testcase> <!-- @AfterMethod handleFailure -->
  <testcase classname="com.Budgets.Utility.Electricity.PR008_Budget_V3_TC078_Utility_Electricity_KVArh_InvalidInput_RedValidation_FailedImport" name="@AfterClass terminateBrowser" time="0.0">
    <skipped/>
  </testcase> <!-- @AfterClass terminateBrowser -->
  <testcase classname="com.Budgets.Utility.Electricity.PR008_Budget_V3_TC052_Utility_Electricity_TPRs_Factors_TransmissionLossFactors_InvalidInput_RedValidation" name="@BeforeClass LoadUrl" time="0.0">
    <skipped/>
  </testcase> <!-- @BeforeClass LoadUrl -->
  <testcase classname="com.Budgets.Utility.Electricity.PR008_Budget_V3_TC052_Utility_Electricity_TPRs_Factors_TransmissionLossFactors_InvalidInput_RedValidation" name="@BeforeMethod accessBud" time="0.0">
    <skipped/>
  </testcase> <!-- @BeforeMethod accessBud -->
  <testcase classname="com.Budgets.Utility.Electricity.PR008_Budget_V3_TC052_Utility_Electricity_TPRs_Factors_TransmissionLossFactors_InvalidInput_RedValidation" name="@AfterMethod handleFailure" time="0.0">
    <skipped/>
  </testcase> <!-- @AfterMethod handleFailure -->
  <testcase classname="com.Budgets.Utility.Electricity.PR008_Budget_V3_TC052_Utility_Electricity_TPRs_Factors_TransmissionLossFactors_InvalidInput_RedValidation" name="@AfterClass terminateBrowser" time="0.0">
    <skipped/>
  </testcase> <!-- @AfterClass terminateBrowser -->
  <testcase classname="com.Budgets.Utility.Electricity.PR008_Budget_V3_TC012_Utility_Electricity_RateTimeBands_InvalidInput_RedValidation" name="@BeforeClass LoadUrl" time="0.0">
    <skipped/>
  </testcase> <!-- @BeforeClass LoadUrl -->
  <testcase classname="com.Budgets.Utility.Electricity.PR008_Budget_V3_TC012_Utility_Electricity_RateTimeBands_InvalidInput_RedValidation" name="@BeforeMethod accessBud" time="0.0">
    <skipped/>
  </testcase> <!-- @BeforeMethod accessBud -->
  <testcase classname="com.Budgets.Utility.Electricity.PR008_Budget_V3_TC012_Utility_Electricity_RateTimeBands_InvalidInput_RedValidation" name="@AfterMethod handleFailure" time="0.0">
    <skipped/>
  </testcase> <!-- @AfterMethod handleFailure -->
  <testcase classname="com.Budgets.Utility.Electricity.PR008_Budget_V3_TC012_Utility_Electricity_RateTimeBands_InvalidInput_RedValidation" name="@AfterClass terminateBrowser" time="0.0">
    <skipped/>
  </testcase> <!-- @AfterClass terminateBrowser -->
  <testcase classname="com.Budgets.Utility.Electricity.PR008_Budget_V3_TC023_Utility_Electricity_ContractCharges_ValidInput_AmberValidation" name="@BeforeClass LoadUrl" time="0.0">
    <skipped/>
  </testcase> <!-- @BeforeClass LoadUrl -->
  <testcase classname="com.Budgets.Utility.Electricity.PR008_Budget_V3_TC023_Utility_Electricity_ContractCharges_ValidInput_AmberValidation" name="@BeforeMethod accessBud" time="0.0">
    <skipped/>
  </testcase> <!-- @BeforeMethod accessBud -->
  <testcase classname="com.Budgets.Utility.Electricity.PR008_Budget_V3_TC023_Utility_Electricity_ContractCharges_ValidInput_AmberValidation" name="@AfterMethod handleFailure" time="0.0">
    <skipped/>
  </testcase> <!-- @AfterMethod handleFailure -->
  <testcase classname="com.Budgets.Utility.Electricity.PR008_Budget_V3_TC023_Utility_Electricity_ContractCharges_ValidInput_AmberValidation" name="@AfterClass terminateBrowser" time="0.0">
    <skipped/>
  </testcase> <!-- @AfterClass terminateBrowser -->
  <testcase classname="com.Budgets.Utility.Electricity.PR008_Budget_V3_TC106_Utility_Electricity_TPRs_Factors_DNOFactors_InvalidInput_RedValidation_FailedImport" name="@BeforeClass LoadUrl" time="0.0">
    <skipped/>
  </testcase> <!-- @BeforeClass LoadUrl -->
  <testcase classname="com.Budgets.Utility.Electricity.PR008_Budget_V3_TC106_Utility_Electricity_TPRs_Factors_DNOFactors_InvalidInput_RedValidation_FailedImport" name="@BeforeMethod accessBud" time="0.0">
    <skipped/>
  </testcase> <!-- @BeforeMethod accessBud -->
  <testcase classname="com.Budgets.Utility.Electricity.PR008_Budget_V3_TC106_Utility_Electricity_TPRs_Factors_DNOFactors_InvalidInput_RedValidation_FailedImport" name="@AfterMethod handleFailure" time="0.0">
    <skipped/>
  </testcase> <!-- @AfterMethod handleFailure -->
  <testcase classname="com.Budgets.Utility.Electricity.PR008_Budget_V3_TC106_Utility_Electricity_TPRs_Factors_DNOFactors_InvalidInput_RedValidation_FailedImport" name="@AfterClass terminateBrowser" time="0.0">
    <skipped/>
  </testcase> <!-- @AfterClass terminateBrowser -->
  <testcase classname="com.Budgets.Utility.Electricity.PR008_Budget_V3_TC085_Utility_Electricity_ForcastCharges_ValidInput_GreenValidation_CancelledImport" name="@BeforeClass LoadUrl" time="0.0">
    <skipped/>
  </testcase> <!-- @BeforeClass LoadUrl -->
  <testcase classname="com.Budgets.Utility.Electricity.PR008_Budget_V3_TC085_Utility_Electricity_ForcastCharges_ValidInput_GreenValidation_CancelledImport" name="@BeforeMethod accessBud" time="0.0">
    <skipped/>
  </testcase> <!-- @BeforeMethod accessBud -->
  <testcase classname="com.Budgets.Utility.Electricity.PR008_Budget_V3_TC085_Utility_Electricity_ForcastCharges_ValidInput_GreenValidation_CancelledImport" name="@AfterMethod handleFailure" time="0.0">
    <skipped/>
  </testcase> <!-- @AfterMethod handleFailure -->
  <testcase classname="com.Budgets.Utility.Electricity.PR008_Budget_V3_TC085_Utility_Electricity_ForcastCharges_ValidInput_GreenValidation_CancelledImport" name="@AfterClass terminateBrowser" time="0.0">
    <skipped/>
  </testcase> <!-- @AfterClass terminateBrowser -->
  <testcase classname="com.Budgets.Utility.Electricity.PR008_Budget_V3_TC013_Utility_Electricity_RateTimeBands_ValidInput_AmberValidation" name="@BeforeClass LoadUrl" time="0.0">
    <skipped/>
  </testcase> <!-- @BeforeClass LoadUrl -->
  <testcase classname="com.Budgets.Utility.Electricity.PR008_Budget_V3_TC013_Utility_Electricity_RateTimeBands_ValidInput_AmberValidation" name="@BeforeMethod accessBud" time="0.0">
    <skipped/>
  </testcase> <!-- @BeforeMethod accessBud -->
  <testcase classname="com.Budgets.Utility.Electricity.PR008_Budget_V3_TC013_Utility_Electricity_RateTimeBands_ValidInput_AmberValidation" name="@AfterMethod handleFailure" time="0.0">
    <skipped/>
  </testcase> <!-- @AfterMethod handleFailure -->
  <testcase classname="com.Budgets.Utility.Electricity.PR008_Budget_V3_TC013_Utility_Electricity_RateTimeBands_ValidInput_AmberValidation" name="@AfterClass terminateBrowser" time="0.0">
    <skipped/>
  </testcase> <!-- @AfterClass terminateBrowser -->
  <testcase classname="com.Budgets.Utility.Electricity.PR008_Budget_V3_TC002_Utility_Electricity_Meters_InvalidInput_RedValidation" name="@BeforeClass LoadUrl" time="0.0">
    <skipped/>
  </testcase> <!-- @BeforeClass LoadUrl -->
  <testcase classname="com.Budgets.Utility.Electricity.PR008_Budget_V3_TC002_Utility_Electricity_Meters_InvalidInput_RedValidation" name="@BeforeMethod accessBud" time="0.0">
    <skipped/>
  </testcase> <!-- @BeforeMethod accessBud -->
  <testcase classname="com.Budgets.Utility.Electricity.PR008_Budget_V3_TC002_Utility_Electricity_Meters_InvalidInput_RedValidation" name="@AfterMethod handleFailure" time="0.0">
    <skipped/>
  </testcase> <!-- @AfterMethod handleFailure -->
  <testcase classname="com.Budgets.Utility.Electricity.PR008_Budget_V3_TC002_Utility_Electricity_Meters_InvalidInput_RedValidation" name="@AfterClass terminateBrowser" time="0.0">
    <skipped/>
  </testcase> <!-- @AfterClass terminateBrowser -->
  <testcase classname="com.Budgets.Utility.Electricity.PR008_Budget_V3_TC065_Utility_Electricity_TPRs_Factors_TransmissionLossFactors_DNORAGTimes_InvalidHeader" name="@BeforeClass LoadUrl" time="0.0">
    <skipped/>
  </testcase> <!-- @BeforeClass LoadUrl -->
  <testcase classname="com.Budgets.Utility.Electricity.PR008_Budget_V3_TC065_Utility_Electricity_TPRs_Factors_TransmissionLossFactors_DNORAGTimes_InvalidHeader" name="@BeforeMethod accessBud" time="0.0">
    <skipped/>
  </testcase> <!-- @BeforeMethod accessBud -->
  <testcase classname="com.Budgets.Utility.Electricity.PR008_Budget_V3_TC065_Utility_Electricity_TPRs_Factors_TransmissionLossFactors_DNORAGTimes_InvalidHeader" name="@AfterMethod handleFailure" time="0.0">
    <skipped/>
  </testcase> <!-- @AfterMethod handleFailure -->
  <testcase classname="com.Budgets.Utility.Electricity.PR008_Budget_V3_TC065_Utility_Electricity_TPRs_Factors_TransmissionLossFactors_DNORAGTimes_InvalidHeader" name="@AfterClass terminateBrowser" time="0.0">
    <skipped/>
  </testcase> <!-- @AfterClass terminateBrowser -->
  <testcase classname="com.Budgets.Utility.Electricity.PR008_Budget_V3_TC120_BudgetConsole_Electricity_ConsumptionComparison_InvalidHeader" name="@BeforeClass LoadUrl" time="0.0">
    <skipped/>
  </testcase> <!-- @BeforeClass LoadUrl -->
  <testcase classname="com.Budgets.Utility.Electricity.PR008_Budget_V3_TC120_BudgetConsole_Electricity_ConsumptionComparison_InvalidHeader" name="@BeforeMethod accessBud" time="0.0">
    <skipped/>
  </testcase> <!-- @BeforeMethod accessBud -->
  <testcase classname="com.Budgets.Utility.Electricity.PR008_Budget_V3_TC120_BudgetConsole_Electricity_ConsumptionComparison_InvalidHeader" name="@AfterMethod handleFailure" time="0.0">
    <skipped/>
  </testcase> <!-- @AfterMethod handleFailure -->
  <testcase classname="com.Budgets.Utility.Electricity.PR008_Budget_V3_TC120_BudgetConsole_Electricity_ConsumptionComparison_InvalidHeader" name="@AfterClass terminateBrowser" time="0.0">
    <skipped/>
  </testcase> <!-- @AfterClass terminateBrowser -->
  <testcase classname="com.Budgets.Utility.Electricity.PR008_Budget_V3_TC014_Utility_Electricity_UserDefinedVolumeExceptionMorethanNormal_KVArh_ValidInput_GreenValidation" name="@BeforeClass LoadUrl" time="0.0">
    <skipped/>
  </testcase> <!-- @BeforeClass LoadUrl -->
  <testcase classname="com.Budgets.Utility.Electricity.PR008_Budget_V3_TC014_Utility_Electricity_UserDefinedVolumeExceptionMorethanNormal_KVArh_ValidInput_GreenValidation" name="@BeforeMethod accessBud" time="0.0">
    <skipped/>
  </testcase> <!-- @BeforeMethod accessBud -->
  <testcase classname="com.Budgets.Utility.Electricity.PR008_Budget_V3_TC014_Utility_Electricity_UserDefinedVolumeExceptionMorethanNormal_KVArh_ValidInput_GreenValidation" name="@AfterMethod handleFailure" time="0.0">
    <skipped/>
  </testcase> <!-- @AfterMethod handleFailure -->
  <testcase classname="com.Budgets.Utility.Electricity.PR008_Budget_V3_TC014_Utility_Electricity_UserDefinedVolumeExceptionMorethanNormal_KVArh_ValidInput_GreenValidation" name="@AfterClass terminateBrowser" time="0.0">
    <skipped/>
  </testcase> <!-- @AfterClass terminateBrowser -->
  <testcase classname="com.Budgets.Utility.Electricity.PR008_Budget_V3_TC039_Utility_Electricity_PassthroughCharges_PublishedView_Combination_AmberAndRedValidation" name="@BeforeClass LoadUrl" time="0.0">
    <skipped/>
  </testcase> <!-- @BeforeClass LoadUrl -->
  <testcase classname="com.Budgets.Utility.Electricity.PR008_Budget_V3_TC039_Utility_Electricity_PassthroughCharges_PublishedView_Combination_AmberAndRedValidation" name="@BeforeMethod accessBud" time="0.0">
    <skipped/>
  </testcase> <!-- @BeforeMethod accessBud -->
  <testcase classname="com.Budgets.Utility.Electricity.PR008_Budget_V3_TC039_Utility_Electricity_PassthroughCharges_PublishedView_Combination_AmberAndRedValidation" name="@AfterMethod handleFailure" time="0.0">
    <skipped/>
  </testcase> <!-- @AfterMethod handleFailure -->
  <testcase classname="com.Budgets.Utility.Electricity.PR008_Budget_V3_TC039_Utility_Electricity_PassthroughCharges_PublishedView_Combination_AmberAndRedValidation" name="@AfterClass terminateBrowser" time="0.0">
    <skipped/>
  </testcase> <!-- @AfterClass terminateBrowser -->
  <testcase classname="com.Budgets.Utility.Electricity.PR008_Budget_V3_TC058_Electricity_ConsumptionAdjusment_Green" name="@BeforeClass LoadUrl" time="0.0">
    <skipped/>
  </testcase> <!-- @BeforeClass LoadUrl -->
  <testcase classname="com.Budgets.Utility.Electricity.PR008_Budget_V3_TC058_Electricity_ConsumptionAdjusment_Green" name="@BeforeMethod accessBud" time="0.0">
    <skipped/>
  </testcase> <!-- @BeforeMethod accessBud -->
  <testcase classname="com.Budgets.Utility.Electricity.PR008_Budget_V3_TC058_Electricity_ConsumptionAdjusment_Green" name="@AfterMethod handleFailure" time="0.0">
    <skipped/>
  </testcase> <!-- @AfterMethod handleFailure -->
  <testcase classname="com.Budgets.Utility.Electricity.PR008_Budget_V3_TC058_Electricity_ConsumptionAdjusment_Green" name="@AfterClass terminateBrowser" time="0.0">
    <skipped/>
  </testcase> <!-- @AfterClass terminateBrowser -->
  <testcase classname="com.Budgets.Utility.Electricity.PR008_Budget_V3_TC055_Utility_Electricity_TPRs_Factors_TransmissionLossFactors_InvalidHeader" name="@BeforeClass LoadUrl" time="0.0">
    <skipped/>
  </testcase> <!-- @BeforeClass LoadUrl -->
  <testcase classname="com.Budgets.Utility.Electricity.PR008_Budget_V3_TC055_Utility_Electricity_TPRs_Factors_TransmissionLossFactors_InvalidHeader" name="@BeforeMethod accessBud" time="0.0">
    <skipped/>
  </testcase> <!-- @BeforeMethod accessBud -->
  <testcase classname="com.Budgets.Utility.Electricity.PR008_Budget_V3_TC055_Utility_Electricity_TPRs_Factors_TransmissionLossFactors_InvalidHeader" name="@AfterMethod handleFailure" time="0.0">
    <skipped/>
  </testcase> <!-- @AfterMethod handleFailure -->
  <testcase classname="com.Budgets.Utility.Electricity.PR008_Budget_V3_TC055_Utility_Electricity_TPRs_Factors_TransmissionLossFactors_InvalidHeader" name="@AfterClass terminateBrowser" time="0.0">
    <skipped/>
  </testcase> <!-- @AfterClass terminateBrowser -->
  <testcase classname="com.Budgets.Utility.Electricity.PR008_Budget_V3_TC072_Utility_Electricity_Consumption_InvalidInput_RedValidation_FailedImport" name="@BeforeClass LoadUrl" time="0.0">
    <skipped/>
  </testcase> <!-- @BeforeClass LoadUrl -->
  <testcase classname="com.Budgets.Utility.Electricity.PR008_Budget_V3_TC072_Utility_Electricity_Consumption_InvalidInput_RedValidation_FailedImport" name="@BeforeMethod accessBud" time="0.0">
    <skipped/>
  </testcase> <!-- @BeforeMethod accessBud -->
  <testcase classname="com.Budgets.Utility.Electricity.PR008_Budget_V3_TC072_Utility_Electricity_Consumption_InvalidInput_RedValidation_FailedImport" name="@AfterMethod handleFailure" time="0.0">
    <skipped/>
  </testcase> <!-- @AfterMethod handleFailure -->
  <testcase classname="com.Budgets.Utility.Electricity.PR008_Budget_V3_TC072_Utility_Electricity_Consumption_InvalidInput_RedValidation_FailedImport" name="@AfterClass terminateBrowser" time="0.0">
    <skipped/>
  </testcase> <!-- @AfterClass terminateBrowser -->
  <testcase classname="com.Budgets.Utility.Electricity.PR008_Budget_V3_TC074_Utility_Electricity_RateTimeBands_InvalidInput_RedValidation_FailedImport" name="@BeforeClass LoadUrl" time="0.0">
    <skipped/>
  </testcase> <!-- @BeforeClass LoadUrl -->
  <testcase classname="com.Budgets.Utility.Electricity.PR008_Budget_V3_TC074_Utility_Electricity_RateTimeBands_InvalidInput_RedValidation_FailedImport" name="@BeforeMethod accessBud" time="0.0">
    <skipped/>
  </testcase> <!-- @BeforeMethod accessBud -->
  <testcase classname="com.Budgets.Utility.Electricity.PR008_Budget_V3_TC074_Utility_Electricity_RateTimeBands_InvalidInput_RedValidation_FailedImport" name="@AfterMethod handleFailure" time="0.0">
    <skipped/>
  </testcase> <!-- @AfterMethod handleFailure -->
  <testcase classname="com.Budgets.Utility.Electricity.PR008_Budget_V3_TC074_Utility_Electricity_RateTimeBands_InvalidInput_RedValidation_FailedImport" name="@AfterClass terminateBrowser" time="0.0">
    <skipped/>
  </testcase> <!-- @AfterClass terminateBrowser -->
  <testcase classname="com.Budgets.Utility.Electricity.PR008_Budget_V3_TC042_Utility_Electricity_PassthroughCharges_InspiredEnergyView_InvalidInput_RedValidation" name="@BeforeClass LoadUrl" time="0.0">
    <skipped/>
  </testcase> <!-- @BeforeClass LoadUrl -->
  <testcase classname="com.Budgets.Utility.Electricity.PR008_Budget_V3_TC042_Utility_Electricity_PassthroughCharges_InspiredEnergyView_InvalidInput_RedValidation" name="@BeforeMethod accessBud" time="0.0">
    <skipped/>
  </testcase> <!-- @BeforeMethod accessBud -->
  <testcase classname="com.Budgets.Utility.Electricity.PR008_Budget_V3_TC042_Utility_Electricity_PassthroughCharges_InspiredEnergyView_InvalidInput_RedValidation" name="@AfterMethod handleFailure" time="0.0">
    <skipped/>
  </testcase> <!-- @AfterMethod handleFailure -->
  <testcase classname="com.Budgets.Utility.Electricity.PR008_Budget_V3_TC042_Utility_Electricity_PassthroughCharges_InspiredEnergyView_InvalidInput_RedValidation" name="@AfterClass terminateBrowser" time="0.0">
    <skipped/>
  </testcase> <!-- @AfterClass terminateBrowser -->
  <testcase classname="com.Budgets.Utility.Electricity.PR008_Budget_V3_TC015_Utility_Electricity_RateTimeBands_InvalidHeader" name="@BeforeClass LoadUrl" time="0.0">
    <skipped/>
  </testcase> <!-- @BeforeClass LoadUrl -->
  <testcase classname="com.Budgets.Utility.Electricity.PR008_Budget_V3_TC015_Utility_Electricity_RateTimeBands_InvalidHeader" name="@BeforeMethod accessBud" time="0.0">
    <skipped/>
  </testcase> <!-- @BeforeMethod accessBud -->
  <testcase classname="com.Budgets.Utility.Electricity.PR008_Budget_V3_TC015_Utility_Electricity_RateTimeBands_InvalidHeader" name="@AfterMethod handleFailure" time="0.0">
    <skipped/>
  </testcase> <!-- @AfterMethod handleFailure -->
  <testcase classname="com.Budgets.Utility.Electricity.PR008_Budget_V3_TC015_Utility_Electricity_RateTimeBands_InvalidHeader" name="@AfterClass terminateBrowser" time="0.0">
    <skipped/>
  </testcase> <!-- @AfterClass terminateBrowser -->
  <testcase classname="com.Budgets.Utility.Electricity.PR008_Budget_V3_TC067_Utility_Electricity_Meters_InvalidInput_RedValidation_FailedImport" name="@BeforeClass LoadUrl" time="0.0">
    <skipped/>
  </testcase> <!-- @BeforeClass LoadUrl -->
  <testcase classname="com.Budgets.Utility.Electricity.PR008_Budget_V3_TC067_Utility_Electricity_Meters_InvalidInput_RedValidation_FailedImport" name="@BeforeMethod accessBud" time="0.0">
    <skipped/>
  </testcase> <!-- @BeforeMethod accessBud -->
  <testcase classname="com.Budgets.Utility.Electricity.PR008_Budget_V3_TC067_Utility_Electricity_Meters_InvalidInput_RedValidation_FailedImport" name="@AfterMethod handleFailure" time="0.0">
    <skipped/>
  </testcase> <!-- @AfterMethod handleFailure -->
  <testcase classname="com.Budgets.Utility.Electricity.PR008_Budget_V3_TC067_Utility_Electricity_Meters_InvalidInput_RedValidation_FailedImport" name="@AfterClass terminateBrowser" time="0.0">
    <skipped/>
  </testcase> <!-- @AfterClass terminateBrowser -->
  <testcase classname="com.Budgets.Utility.Electricity.PR008_Budget_V3_TC025_Utility_Electricity_ContractCharges_InvalidHeader" name="@BeforeClass LoadUrl" time="0.0">
    <skipped/>
  </testcase> <!-- @BeforeClass LoadUrl -->
  <testcase classname="com.Budgets.Utility.Electricity.PR008_Budget_V3_TC025_Utility_Electricity_ContractCharges_InvalidHeader" name="@BeforeMethod accessBud" time="0.0">
    <skipped/>
  </testcase> <!-- @BeforeMethod accessBud -->
  <testcase classname="com.Budgets.Utility.Electricity.PR008_Budget_V3_TC025_Utility_Electricity_ContractCharges_InvalidHeader" name="@AfterMethod handleFailure" time="0.0">
    <skipped/>
  </testcase> <!-- @AfterMethod handleFailure -->
  <testcase classname="com.Budgets.Utility.Electricity.PR008_Budget_V3_TC025_Utility_Electricity_ContractCharges_InvalidHeader" name="@AfterClass terminateBrowser" time="0.0">
    <skipped/>
  </testcase> <!-- @AfterClass terminateBrowser -->
  <testcase classname="com.Budgets.Utility.Electricity.PR008_Budget_V3_TC096_Utility_Electricity_PassthroughCharges_PublishedView_ValidInput_AmberValidation_CancelledImport" name="@BeforeClass LoadUrl" time="0.0">
    <skipped/>
  </testcase> <!-- @BeforeClass LoadUrl -->
  <testcase classname="com.Budgets.Utility.Electricity.PR008_Budget_V3_TC096_Utility_Electricity_PassthroughCharges_PublishedView_ValidInput_AmberValidation_CancelledImport" name="@BeforeMethod accessBud" time="0.0">
    <skipped/>
  </testcase> <!-- @BeforeMethod accessBud -->
  <testcase classname="com.Budgets.Utility.Electricity.PR008_Budget_V3_TC096_Utility_Electricity_PassthroughCharges_PublishedView_ValidInput_AmberValidation_CancelledImport" name="@AfterMethod handleFailure" time="0.0">
    <skipped/>
  </testcase> <!-- @AfterMethod handleFailure -->
  <testcase classname="com.Budgets.Utility.Electricity.PR008_Budget_V3_TC096_Utility_Electricity_PassthroughCharges_PublishedView_ValidInput_AmberValidation_CancelledImport" name="@AfterClass terminateBrowser" time="0.0">
    <skipped/>
  </testcase> <!-- @AfterClass terminateBrowser -->
  <testcase classname="com.Budgets.Utility.Electricity.PR008_Budget_V3_TC094_Utility_Electricity_PassthroughCharges_PublishedView_InvalidInput_RedValidation_FailedImport" name="@BeforeClass LoadUrl" time="0.0">
    <skipped/>
  </testcase> <!-- @BeforeClass LoadUrl -->
  <testcase classname="com.Budgets.Utility.Electricity.PR008_Budget_V3_TC094_Utility_Electricity_PassthroughCharges_PublishedView_InvalidInput_RedValidation_FailedImport" name="@BeforeMethod accessBud" time="0.0">
    <skipped/>
  </testcase> <!-- @BeforeMethod accessBud -->
  <testcase classname="com.Budgets.Utility.Electricity.PR008_Budget_V3_TC094_Utility_Electricity_PassthroughCharges_PublishedView_InvalidInput_RedValidation_FailedImport" name="@AfterMethod handleFailure" time="0.0">
    <skipped/>
  </testcase> <!-- @AfterMethod handleFailure -->
  <testcase classname="com.Budgets.Utility.Electricity.PR008_Budget_V3_TC094_Utility_Electricity_PassthroughCharges_PublishedView_InvalidInput_RedValidation_FailedImport" name="@AfterClass terminateBrowser" time="0.0">
    <skipped/>
  </testcase> <!-- @AfterClass terminateBrowser -->
  <testcase classname="com.Budgets.Utility.Electricity.PR008_Budget_V3_TC121_BudgetConsole_Electricity_InformationTab_Combination_Valid_Invalid" name="@BeforeClass LoadUrl" time="0.0">
    <skipped/>
  </testcase> <!-- @BeforeClass LoadUrl -->
  <testcase classname="com.Budgets.Utility.Electricity.PR008_Budget_V3_TC121_BudgetConsole_Electricity_InformationTab_Combination_Valid_Invalid" name="@BeforeMethod accessBud" time="0.0">
    <skipped/>
  </testcase> <!-- @BeforeMethod accessBud -->
  <testcase classname="com.Budgets.Utility.Electricity.PR008_Budget_V3_TC121_BudgetConsole_Electricity_InformationTab_Combination_Valid_Invalid" name="@AfterMethod handleFailure" time="0.0">
    <skipped/>
  </testcase> <!-- @AfterMethod handleFailure -->
  <testcase classname="com.Budgets.Utility.Electricity.PR008_Budget_V3_TC121_BudgetConsole_Electricity_InformationTab_Combination_Valid_Invalid" name="@AfterClass terminateBrowser" time="0.0">
    <skipped/>
  </testcase> <!-- @AfterClass terminateBrowser -->
  <testcase classname="com.Budgets.Utility.Electricity.PR008_Budget_V3_TC070_Utility_Electricity_Consumption_ValidInput_GreenValidation_CancelledImport" name="@BeforeClass LoadUrl" time="0.0">
    <skipped/>
  </testcase> <!-- @BeforeClass LoadUrl -->
  <testcase classname="com.Budgets.Utility.Electricity.PR008_Budget_V3_TC070_Utility_Electricity_Consumption_ValidInput_GreenValidation_CancelledImport" name="@BeforeMethod accessBud" time="0.0">
    <skipped/>
  </testcase> <!-- @BeforeMethod accessBud -->
  <testcase classname="com.Budgets.Utility.Electricity.PR008_Budget_V3_TC070_Utility_Electricity_Consumption_ValidInput_GreenValidation_CancelledImport" name="@AfterMethod handleFailure" time="0.0">
    <skipped/>
  </testcase> <!-- @AfterMethod handleFailure -->
  <testcase classname="com.Budgets.Utility.Electricity.PR008_Budget_V3_TC070_Utility_Electricity_Consumption_ValidInput_GreenValidation_CancelledImport" name="@AfterClass terminateBrowser" time="0.0">
    <skipped/>
  </testcase> <!-- @AfterClass terminateBrowser -->
  <testcase classname="com.Budgets.Utility.Electricity.PR008_Budget_V3_TC028_Utility_Electricity_ForcastCharges_Validinput_AmberValidation" name="@BeforeClass LoadUrl" time="0.0">
    <skipped/>
  </testcase> <!-- @BeforeClass LoadUrl -->
  <testcase classname="com.Budgets.Utility.Electricity.PR008_Budget_V3_TC028_Utility_Electricity_ForcastCharges_Validinput_AmberValidation" name="@BeforeMethod accessBud" time="0.0">
    <skipped/>
  </testcase> <!-- @BeforeMethod accessBud -->
  <testcase classname="com.Budgets.Utility.Electricity.PR008_Budget_V3_TC028_Utility_Electricity_ForcastCharges_Validinput_AmberValidation" name="@AfterMethod handleFailure" time="0.0">
    <skipped/>
  </testcase> <!-- @AfterMethod handleFailure -->
  <testcase classname="com.Budgets.Utility.Electricity.PR008_Budget_V3_TC028_Utility_Electricity_ForcastCharges_Validinput_AmberValidation" name="@AfterClass terminateBrowser" time="0.0">
    <skipped/>
  </testcase> <!-- @AfterClass terminateBrowser -->
  <testcase classname="com.Budgets.Utility.Electricity.PR008_Budget_V3_TC104_Utility_Electricity_TPRs_Factors_TransmissionLossFactors_ValidInput_AmberValidation_CancelledImport" name="@BeforeClass LoadUrl" time="0.0">
    <skipped/>
  </testcase> <!-- @BeforeClass LoadUrl -->
  <testcase classname="com.Budgets.Utility.Electricity.PR008_Budget_V3_TC104_Utility_Electricity_TPRs_Factors_TransmissionLossFactors_ValidInput_AmberValidation_CancelledImport" name="@BeforeMethod accessBud" time="0.0">
    <skipped/>
  </testcase> <!-- @BeforeMethod accessBud -->
  <testcase classname="com.Budgets.Utility.Electricity.PR008_Budget_V3_TC104_Utility_Electricity_TPRs_Factors_TransmissionLossFactors_ValidInput_AmberValidation_CancelledImport" name="@AfterMethod handleFailure" time="0.0">
    <skipped/>
  </testcase> <!-- @AfterMethod handleFailure -->
  <testcase classname="com.Budgets.Utility.Electricity.PR008_Budget_V3_TC104_Utility_Electricity_TPRs_Factors_TransmissionLossFactors_ValidInput_AmberValidation_CancelledImport" name="@AfterClass terminateBrowser" time="0.0">
    <skipped/>
  </testcase> <!-- @AfterClass terminateBrowser -->
  <testcase classname="com.Budgets.Utility.Electricity.PR008_Budget_V3_TC031_Utility_Electricity_ReferencePrices_ValidInput_GreenValidation" name="@BeforeClass LoadUrl" time="0.0">
    <skipped/>
  </testcase> <!-- @BeforeClass LoadUrl -->
  <testcase classname="com.Budgets.Utility.Electricity.PR008_Budget_V3_TC031_Utility_Electricity_ReferencePrices_ValidInput_GreenValidation" name="@BeforeMethod accessBud" time="0.0">
    <skipped/>
  </testcase> <!-- @BeforeMethod accessBud -->
  <testcase classname="com.Budgets.Utility.Electricity.PR008_Budget_V3_TC031_Utility_Electricity_ReferencePrices_ValidInput_GreenValidation" name="@AfterMethod handleFailure" time="0.0">
    <skipped/>
  </testcase> <!-- @AfterMethod handleFailure -->
  <testcase classname="com.Budgets.Utility.Electricity.PR008_Budget_V3_TC031_Utility_Electricity_ReferencePrices_ValidInput_GreenValidation" name="@AfterClass terminateBrowser" time="0.0">
    <skipped/>
  </testcase> <!-- @AfterClass terminateBrowser -->
  <testcase classname="com.Budgets.Utility.Electricity.PR008_Budget_V3_TC115_BudgetSummary_Electricity" name="@BeforeClass LoadUrl" time="0.0">
    <skipped/>
  </testcase> <!-- @BeforeClass LoadUrl -->
  <testcase classname="com.Budgets.Utility.Electricity.PR008_Budget_V3_TC115_BudgetSummary_Electricity" name="@BeforeMethod accessBud" time="0.0">
    <skipped/>
  </testcase> <!-- @BeforeMethod accessBud -->
  <testcase classname="com.Budgets.Utility.Electricity.PR008_Budget_V3_TC115_BudgetSummary_Electricity" name="@AfterMethod handleFailure" time="0.0">
    <skipped/>
  </testcase> <!-- @AfterMethod handleFailure -->
  <testcase classname="com.Budgets.Utility.Electricity.PR008_Budget_V3_TC115_BudgetSummary_Electricity" name="@AfterClass terminateBrowser" time="0.0">
    <skipped/>
  </testcase> <!-- @AfterClass terminateBrowser -->
  <testcase classname="com.Budgets.Utility.Electricity.PR008_Budget_V3_TC029_Utility_Electricity_ForcastCharges_InvalidInput_AmberAndRedValidation" name="@BeforeClass LoadUrl" time="0.0">
    <skipped/>
  </testcase> <!-- @BeforeClass LoadUrl -->
  <testcase classname="com.Budgets.Utility.Electricity.PR008_Budget_V3_TC029_Utility_Electricity_ForcastCharges_InvalidInput_AmberAndRedValidation" name="@BeforeMethod accessBud" time="0.0">
    <skipped/>
  </testcase> <!-- @BeforeMethod accessBud -->
  <testcase classname="com.Budgets.Utility.Electricity.PR008_Budget_V3_TC029_Utility_Electricity_ForcastCharges_InvalidInput_AmberAndRedValidation" name="@AfterMethod handleFailure" time="0.0">
    <skipped/>
  </testcase> <!-- @AfterMethod handleFailure -->
  <testcase classname="com.Budgets.Utility.Electricity.PR008_Budget_V3_TC029_Utility_Electricity_ForcastCharges_InvalidInput_AmberAndRedValidation" name="@AfterClass terminateBrowser" time="0.0">
    <skipped/>
  </testcase> <!-- @AfterClass terminateBrowser -->
  <testcase classname="com.Budgets.Utility.Electricity.PR008_Budget_V3_TC059_Electricity_ConsumptionAdjusment_Red" name="@BeforeClass LoadUrl" time="0.0">
    <skipped/>
  </testcase> <!-- @BeforeClass LoadUrl -->
  <testcase classname="com.Budgets.Utility.Electricity.PR008_Budget_V3_TC059_Electricity_ConsumptionAdjusment_Red" name="@BeforeMethod accessBud" time="0.0">
    <skipped/>
  </testcase> <!-- @BeforeMethod accessBud -->
  <testcase classname="com.Budgets.Utility.Electricity.PR008_Budget_V3_TC059_Electricity_ConsumptionAdjusment_Red" name="@AfterMethod handleFailure" time="0.0">
    <skipped/>
  </testcase> <!-- @AfterMethod handleFailure -->
  <testcase classname="com.Budgets.Utility.Electricity.PR008_Budget_V3_TC059_Electricity_ConsumptionAdjusment_Red" name="@AfterClass terminateBrowser" time="0.0">
    <skipped/>
  </testcase> <!-- @AfterClass terminateBrowser -->
  <testcase classname="com.Budgets.Utility.Electricity.PR008_Budget_V3_TC045_Utility_Electricity_PassthroughCharges_InspiredEnergyView_InvalidHeader" name="@BeforeClass LoadUrl" time="0.0">
    <skipped/>
  </testcase> <!-- @BeforeClass LoadUrl -->
  <testcase classname="com.Budgets.Utility.Electricity.PR008_Budget_V3_TC045_Utility_Electricity_PassthroughCharges_InspiredEnergyView_InvalidHeader" name="@BeforeMethod accessBud" time="0.0">
    <skipped/>
  </testcase> <!-- @BeforeMethod accessBud -->
  <testcase classname="com.Budgets.Utility.Electricity.PR008_Budget_V3_TC045_Utility_Electricity_PassthroughCharges_InspiredEnergyView_InvalidHeader" name="@AfterMethod handleFailure" time="0.0">
    <skipped/>
  </testcase> <!-- @AfterMethod handleFailure -->
  <testcase classname="com.Budgets.Utility.Electricity.PR008_Budget_V3_TC045_Utility_Electricity_PassthroughCharges_InspiredEnergyView_InvalidHeader" name="@AfterClass terminateBrowser" time="0.0">
    <skipped/>
  </testcase> <!-- @AfterClass terminateBrowser -->
  <testcase classname="com.Budgets.Utility.Electricity.PR008_Budget_V3_TC082_Utility_Electricity_ContractCharges_InvalidInput_RedValidation_FailedImport" name="@BeforeClass LoadUrl" time="0.0">
    <skipped/>
  </testcase> <!-- @BeforeClass LoadUrl -->
  <testcase classname="com.Budgets.Utility.Electricity.PR008_Budget_V3_TC082_Utility_Electricity_ContractCharges_InvalidInput_RedValidation_FailedImport" name="@BeforeMethod accessBud" time="0.0">
    <skipped/>
  </testcase> <!-- @BeforeMethod accessBud -->
  <testcase classname="com.Budgets.Utility.Electricity.PR008_Budget_V3_TC082_Utility_Electricity_ContractCharges_InvalidInput_RedValidation_FailedImport" name="@AfterMethod handleFailure" time="0.0">
    <skipped/>
  </testcase> <!-- @AfterMethod handleFailure -->
  <testcase classname="com.Budgets.Utility.Electricity.PR008_Budget_V3_TC082_Utility_Electricity_ContractCharges_InvalidInput_RedValidation_FailedImport" name="@AfterClass terminateBrowser" time="0.0">
    <skipped/>
  </testcase> <!-- @AfterClass terminateBrowser -->
  <testcase classname="com.Budgets.Utility.Electricity.PR008_Budget_V3_TC105_Utility_Electricity_TPRs_Factors_DNOFactors_ValidInput_GreenValidation_CancelledImport" name="@BeforeClass LoadUrl" time="0.0">
    <skipped/>
  </testcase> <!-- @BeforeClass LoadUrl -->
  <testcase classname="com.Budgets.Utility.Electricity.PR008_Budget_V3_TC105_Utility_Electricity_TPRs_Factors_DNOFactors_ValidInput_GreenValidation_CancelledImport" name="@BeforeMethod accessBud" time="0.0">
    <skipped/>
  </testcase> <!-- @BeforeMethod accessBud -->
  <testcase classname="com.Budgets.Utility.Electricity.PR008_Budget_V3_TC105_Utility_Electricity_TPRs_Factors_DNOFactors_ValidInput_GreenValidation_CancelledImport" name="@AfterMethod handleFailure" time="0.0">
    <skipped/>
  </testcase> <!-- @AfterMethod handleFailure -->
  <testcase classname="com.Budgets.Utility.Electricity.PR008_Budget_V3_TC105_Utility_Electricity_TPRs_Factors_DNOFactors_ValidInput_GreenValidation_CancelledImport" name="@AfterClass terminateBrowser" time="0.0">
    <skipped/>
  </testcase> <!-- @AfterClass terminateBrowser -->
  <testcase classname="com.Budgets.Utility.Electricity.PR008_Budget_V3_TC053_Utility_Electricity_TPRs_Factors_TransmissionLossFactors_ValidInput_AmberValidation" name="@BeforeClass LoadUrl" time="0.0">
    <skipped/>
  </testcase> <!-- @BeforeClass LoadUrl -->
  <testcase classname="com.Budgets.Utility.Electricity.PR008_Budget_V3_TC053_Utility_Electricity_TPRs_Factors_TransmissionLossFactors_ValidInput_AmberValidation" name="@BeforeMethod accessBud" time="0.0">
    <skipped/>
  </testcase> <!-- @BeforeMethod accessBud -->
  <testcase classname="com.Budgets.Utility.Electricity.PR008_Budget_V3_TC053_Utility_Electricity_TPRs_Factors_TransmissionLossFactors_ValidInput_AmberValidation" name="@AfterMethod handleFailure" time="0.0">
    <skipped/>
  </testcase> <!-- @AfterMethod handleFailure -->
  <testcase classname="com.Budgets.Utility.Electricity.PR008_Budget_V3_TC053_Utility_Electricity_TPRs_Factors_TransmissionLossFactors_ValidInput_AmberValidation" name="@AfterClass terminateBrowser" time="0.0">
    <skipped/>
  </testcase> <!-- @AfterClass terminateBrowser -->
  <testcase classname="com.Budgets.Utility.Electricity.PR008_Budget_V3_TC110_Utility_Electricity_TPRs_Factors_DNOFactors_InvalidInput_RedValidation_FailedImport" name="@BeforeClass LoadUrl" time="0.0">
    <skipped/>
  </testcase> <!-- @BeforeClass LoadUrl -->
  <testcase classname="com.Budgets.Utility.Electricity.PR008_Budget_V3_TC110_Utility_Electricity_TPRs_Factors_DNOFactors_InvalidInput_RedValidation_FailedImport" name="@BeforeMethod accessBud" time="0.0">
    <skipped/>
  </testcase> <!-- @BeforeMethod accessBud -->
  <testcase classname="com.Budgets.Utility.Electricity.PR008_Budget_V3_TC110_Utility_Electricity_TPRs_Factors_DNOFactors_InvalidInput_RedValidation_FailedImport" name="@AfterMethod handleFailure" time="0.0">
    <skipped/>
  </testcase> <!-- @AfterMethod handleFailure -->
  <testcase classname="com.Budgets.Utility.Electricity.PR008_Budget_V3_TC110_Utility_Electricity_TPRs_Factors_DNOFactors_InvalidInput_RedValidation_FailedImport" name="@AfterClass terminateBrowser" time="0.0">
    <skipped/>
  </testcase> <!-- @AfterClass terminateBrowser -->
  <testcase classname="com.Budgets.Utility.Electricity.PR008_Budget_V3_TC126_Calculate_Budget_VAT_Toggle_Electricity" name="@BeforeClass LoadUrl" time="0.0">
    <skipped/>
  </testcase> <!-- @BeforeClass LoadUrl -->
  <testcase classname="com.Budgets.Utility.Electricity.PR008_Budget_V3_TC126_Calculate_Budget_VAT_Toggle_Electricity" name="@BeforeMethod accessBud" time="0.0">
    <skipped/>
  </testcase> <!-- @BeforeMethod accessBud -->
  <testcase classname="com.Budgets.Utility.Electricity.PR008_Budget_V3_TC126_Calculate_Budget_VAT_Toggle_Electricity" name="@AfterMethod handleFailure" time="0.0">
    <skipped/>
  </testcase> <!-- @AfterMethod handleFailure -->
  <testcase classname="com.Budgets.Utility.Electricity.PR008_Budget_V3_TC126_Calculate_Budget_VAT_Toggle_Electricity" name="@AfterClass terminateBrowser" time="0.0">
    <skipped/>
  </testcase> <!-- @AfterClass terminateBrowser -->
  <testcase classname="com.Budgets.Utility.Electricity.PR008_Budget_V3_TC087_Utility_Electricity_ForcastCharges_Validinput_AmberValidation_CancelledImport" name="@BeforeClass LoadUrl" time="0.0">
    <skipped/>
  </testcase> <!-- @BeforeClass LoadUrl -->
  <testcase classname="com.Budgets.Utility.Electricity.PR008_Budget_V3_TC087_Utility_Electricity_ForcastCharges_Validinput_AmberValidation_CancelledImport" name="@BeforeMethod accessBud" time="0.0">
    <skipped/>
  </testcase> <!-- @BeforeMethod accessBud -->
  <testcase classname="com.Budgets.Utility.Electricity.PR008_Budget_V3_TC087_Utility_Electricity_ForcastCharges_Validinput_AmberValidation_CancelledImport" name="@AfterMethod handleFailure" time="0.0">
    <skipped/>
  </testcase> <!-- @AfterMethod handleFailure -->
  <testcase classname="com.Budgets.Utility.Electricity.PR008_Budget_V3_TC087_Utility_Electricity_ForcastCharges_Validinput_AmberValidation_CancelledImport" name="@AfterClass terminateBrowser" time="0.0">
    <skipped/>
  </testcase> <!-- @AfterClass terminateBrowser -->
  <testcase classname="com.Budgets.Utility.Electricity.PR008_Budget_V3_TC105_Utility_Electricity_TPRs_Factors_TransmissionLossFactors_ValidInput_GreenValidation_CancelledImport" name="@BeforeClass LoadUrl" time="0.0">
    <skipped/>
  </testcase> <!-- @BeforeClass LoadUrl -->
  <testcase classname="com.Budgets.Utility.Electricity.PR008_Budget_V3_TC105_Utility_Electricity_TPRs_Factors_TransmissionLossFactors_ValidInput_GreenValidation_CancelledImport" name="@BeforeMethod accessBud" time="0.0">
    <skipped/>
  </testcase> <!-- @BeforeMethod accessBud -->
  <testcase classname="com.Budgets.Utility.Electricity.PR008_Budget_V3_TC105_Utility_Electricity_TPRs_Factors_TransmissionLossFactors_ValidInput_GreenValidation_CancelledImport" name="@AfterMethod handleFailure" time="0.0">
    <skipped/>
  </testcase> <!-- @AfterMethod handleFailure -->
  <testcase classname="com.Budgets.Utility.Electricity.PR008_Budget_V3_TC105_Utility_Electricity_TPRs_Factors_TransmissionLossFactors_ValidInput_GreenValidation_CancelledImport" name="@AfterClass terminateBrowser" time="0.0">
    <skipped/>
  </testcase> <!-- @AfterClass terminateBrowser -->
  <testcase classname="com.Budgets.Utility.Electricity.PR008_Budget_V3_TC108_Utility_Electricity_TPRs_Factors_TransmissionLossFactors_ValidInput_AmberValidation_CancelledImport" name="@BeforeClass LoadUrl" time="0.0">
    <skipped/>
  </testcase> <!-- @BeforeClass LoadUrl -->
  <testcase classname="com.Budgets.Utility.Electricity.PR008_Budget_V3_TC108_Utility_Electricity_TPRs_Factors_TransmissionLossFactors_ValidInput_AmberValidation_CancelledImport" name="@BeforeMethod accessBud" time="0.0">
    <skipped/>
  </testcase> <!-- @BeforeMethod accessBud -->
  <testcase classname="com.Budgets.Utility.Electricity.PR008_Budget_V3_TC108_Utility_Electricity_TPRs_Factors_TransmissionLossFactors_ValidInput_AmberValidation_CancelledImport" name="@AfterMethod handleFailure" time="0.0">
    <skipped/>
  </testcase> <!-- @AfterMethod handleFailure -->
  <testcase classname="com.Budgets.Utility.Electricity.PR008_Budget_V3_TC108_Utility_Electricity_TPRs_Factors_TransmissionLossFactors_ValidInput_AmberValidation_CancelledImport" name="@AfterClass terminateBrowser" time="0.0">
    <skipped/>
  </testcase> <!-- @AfterClass terminateBrowser -->
  <testcase classname="com.Budgets.Utility.Electricity.PR008_Budget_V3_TC011_Utility_Electricity_RateTimeBand_ValidInput_GreenValidation" name="@BeforeClass LoadUrl" time="0.0">
    <skipped/>
  </testcase> <!-- @BeforeClass LoadUrl -->
  <testcase classname="com.Budgets.Utility.Electricity.PR008_Budget_V3_TC011_Utility_Electricity_RateTimeBand_ValidInput_GreenValidation" name="@BeforeMethod accessBud" time="0.0">
    <skipped/>
  </testcase> <!-- @BeforeMethod accessBud -->
  <testcase classname="com.Budgets.Utility.Electricity.PR008_Budget_V3_TC011_Utility_Electricity_RateTimeBand_ValidInput_GreenValidation" name="@AfterMethod handleFailure" time="0.0">
    <skipped/>
  </testcase> <!-- @AfterMethod handleFailure -->
  <testcase classname="com.Budgets.Utility.Electricity.PR008_Budget_V3_TC011_Utility_Electricity_RateTimeBand_ValidInput_GreenValidation" name="@AfterClass terminateBrowser" time="0.0">
    <skipped/>
  </testcase> <!-- @AfterClass terminateBrowser -->
  <testcase classname="com.Budgets.Utility.Electricity.PR008_Budget_V3_TC003_Utility_Electricity_Meters_ValidInput_AmberValidation" name="@BeforeClass LoadUrl" time="0.0">
    <skipped/>
  </testcase> <!-- @BeforeClass LoadUrl -->
  <testcase classname="com.Budgets.Utility.Electricity.PR008_Budget_V3_TC003_Utility_Electricity_Meters_ValidInput_AmberValidation" name="@BeforeMethod accessBud" time="0.0">
    <skipped/>
  </testcase> <!-- @BeforeMethod accessBud -->
  <testcase classname="com.Budgets.Utility.Electricity.PR008_Budget_V3_TC003_Utility_Electricity_Meters_ValidInput_AmberValidation" name="@AfterMethod handleFailure" time="0.0">
    <skipped/>
  </testcase> <!-- @AfterMethod handleFailure -->
  <testcase classname="com.Budgets.Utility.Electricity.PR008_Budget_V3_TC003_Utility_Electricity_Meters_ValidInput_AmberValidation" name="@AfterClass terminateBrowser" time="0.0">
    <skipped/>
  </testcase> <!-- @AfterClass terminateBrowser -->
  <testcase classname="com.Budgets.Utility.Electricity.PR008_Budget_V3_TC077_Utility_Electricity_KVArh_ValidInput_GreenValidation_CancelledImport" name="@BeforeClass LoadUrl" time="0.0">
    <skipped/>
  </testcase> <!-- @BeforeClass LoadUrl -->
  <testcase classname="com.Budgets.Utility.Electricity.PR008_Budget_V3_TC077_Utility_Electricity_KVArh_ValidInput_GreenValidation_CancelledImport" name="@BeforeMethod accessBud" time="0.0">
    <skipped/>
  </testcase> <!-- @BeforeMethod accessBud -->
  <testcase classname="com.Budgets.Utility.Electricity.PR008_Budget_V3_TC077_Utility_Electricity_KVArh_ValidInput_GreenValidation_CancelledImport" name="@AfterMethod handleFailure" time="0.0">
    <skipped/>
  </testcase> <!-- @AfterMethod handleFailure -->
  <testcase classname="com.Budgets.Utility.Electricity.PR008_Budget_V3_TC077_Utility_Electricity_KVArh_ValidInput_GreenValidation_CancelledImport" name="@AfterClass terminateBrowser" time="0.0">
    <skipped/>
  </testcase> <!-- @AfterClass terminateBrowser -->
  <testcase classname="com.Budgets.Utility.Electricity.PR008_Budget_V3_TC010_Utility_Electricity_Consumption_InvalidHeader" name="@BeforeClass LoadUrl" time="0.0">
    <skipped/>
  </testcase> <!-- @BeforeClass LoadUrl -->
  <testcase classname="com.Budgets.Utility.Electricity.PR008_Budget_V3_TC010_Utility_Electricity_Consumption_InvalidHeader" name="@BeforeMethod accessBud" time="0.0">
    <skipped/>
  </testcase> <!-- @BeforeMethod accessBud -->
  <testcase classname="com.Budgets.Utility.Electricity.PR008_Budget_V3_TC010_Utility_Electricity_Consumption_InvalidHeader" name="@AfterMethod handleFailure" time="0.0">
    <skipped/>
  </testcase> <!-- @AfterMethod handleFailure -->
  <testcase classname="com.Budgets.Utility.Electricity.PR008_Budget_V3_TC010_Utility_Electricity_Consumption_InvalidHeader" name="@AfterClass terminateBrowser" time="0.0">
    <skipped/>
  </testcase> <!-- @AfterClass terminateBrowser -->
  <testcase classname="com.Budgets.Utility.Electricity.PR008_Budget_V3_TC097_Utility_Electricity_PassthroughCharges_InspiredEnergyView_ValidInput_GreenValidation_CancelledImport" name="@BeforeClass LoadUrl" time="0.0">
    <skipped/>
  </testcase> <!-- @BeforeClass LoadUrl -->
  <testcase classname="com.Budgets.Utility.Electricity.PR008_Budget_V3_TC097_Utility_Electricity_PassthroughCharges_InspiredEnergyView_ValidInput_GreenValidation_CancelledImport" name="@BeforeMethod accessBud" time="0.0">
    <skipped/>
  </testcase> <!-- @BeforeMethod accessBud -->
  <testcase classname="com.Budgets.Utility.Electricity.PR008_Budget_V3_TC097_Utility_Electricity_PassthroughCharges_InspiredEnergyView_ValidInput_GreenValidation_CancelledImport" name="@AfterMethod handleFailure" time="0.0">
    <skipped/>
  </testcase> <!-- @AfterMethod handleFailure -->
  <testcase classname="com.Budgets.Utility.Electricity.PR008_Budget_V3_TC097_Utility_Electricity_PassthroughCharges_InspiredEnergyView_ValidInput_GreenValidation_CancelledImport" name="@AfterClass terminateBrowser" time="0.0">
    <skipped/>
  </testcase> <!-- @AfterClass terminateBrowser -->
  <testcase classname="com.Budgets.Utility.Electricity.PR008_Budget_V3_TC036_Utility_Electricity_PassthroughCharges_PublishedView_ValidInput_GreenValidation" name="@BeforeClass LoadUrl" time="0.0">
    <skipped/>
  </testcase> <!-- @BeforeClass LoadUrl -->
  <testcase classname="com.Budgets.Utility.Electricity.PR008_Budget_V3_TC036_Utility_Electricity_PassthroughCharges_PublishedView_ValidInput_GreenValidation" name="@BeforeMethod accessBud" time="0.0">
    <skipped/>
  </testcase> <!-- @BeforeMethod accessBud -->
  <testcase classname="com.Budgets.Utility.Electricity.PR008_Budget_V3_TC036_Utility_Electricity_PassthroughCharges_PublishedView_ValidInput_GreenValidation" name="@AfterMethod handleFailure" time="0.0">
    <skipped/>
  </testcase> <!-- @AfterMethod handleFailure -->
  <testcase classname="com.Budgets.Utility.Electricity.PR008_Budget_V3_TC036_Utility_Electricity_PassthroughCharges_PublishedView_ValidInput_GreenValidation" name="@AfterClass terminateBrowser" time="0.0">
    <skipped/>
  </testcase> <!-- @AfterClass terminateBrowser -->
  <testcase classname="com.Budgets.Utility.Electricity.PR008_Budget_V3_TC066_Utility_Electricity_Meters_ValidInput_GreenValidation_CancelledImport" name="@BeforeClass LoadUrl" time="0.0">
    <skipped/>
  </testcase> <!-- @BeforeClass LoadUrl -->
  <testcase classname="com.Budgets.Utility.Electricity.PR008_Budget_V3_TC066_Utility_Electricity_Meters_ValidInput_GreenValidation_CancelledImport" name="@BeforeMethod accessBud" time="0.0">
    <skipped/>
  </testcase> <!-- @BeforeMethod accessBud -->
  <testcase classname="com.Budgets.Utility.Electricity.PR008_Budget_V3_TC066_Utility_Electricity_Meters_ValidInput_GreenValidation_CancelledImport" name="@AfterMethod handleFailure" time="0.0">
    <skipped/>
  </testcase> <!-- @AfterMethod handleFailure -->
  <testcase classname="com.Budgets.Utility.Electricity.PR008_Budget_V3_TC066_Utility_Electricity_Meters_ValidInput_GreenValidation_CancelledImport" name="@AfterClass terminateBrowser" time="0.0">
    <skipped/>
  </testcase> <!-- @AfterClass terminateBrowser -->
  <testcase classname="com.Budgets.Utility.Electricity.PR008_Budget_V3_TC109_Utility_Electricity_TPRs_Factors_DNOFactors_ValidInput_GreenValidation_CancelledImport" name="@BeforeClass LoadUrl" time="0.0">
    <skipped/>
  </testcase> <!-- @BeforeClass LoadUrl -->
  <testcase classname="com.Budgets.Utility.Electricity.PR008_Budget_V3_TC109_Utility_Electricity_TPRs_Factors_DNOFactors_ValidInput_GreenValidation_CancelledImport" name="@BeforeMethod accessBud" time="0.0">
    <skipped/>
  </testcase> <!-- @BeforeMethod accessBud -->
  <testcase classname="com.Budgets.Utility.Electricity.PR008_Budget_V3_TC109_Utility_Electricity_TPRs_Factors_DNOFactors_ValidInput_GreenValidation_CancelledImport" name="@AfterMethod handleFailure" time="0.0">
    <skipped/>
  </testcase> <!-- @AfterMethod handleFailure -->
  <testcase classname="com.Budgets.Utility.Electricity.PR008_Budget_V3_TC109_Utility_Electricity_TPRs_Factors_DNOFactors_ValidInput_GreenValidation_CancelledImport" name="@AfterClass terminateBrowser" time="0.0">
    <skipped/>
  </testcase> <!-- @AfterClass terminateBrowser -->
  <testcase classname="com.Budgets.Utility.Electricity.PR008_Budget_V3_TC024_Utility_Electricity_ContractCharges_InvalidInput_AmberAndRed" name="BudgetConsoleVerifyTest" time="16.234"/>
  <testcase classname="com.Budgets.Utility.Electricity.PR008_Budget_V3_TC068_Utility_Electricity_Meters_ValidInput_AmberValidation_CancelledImport" name="newBudget" time="15.408"/>
  <testcase classname="com.Budgets.Utility.Electricity.PR008_Budget_V3_TC079_Utility_Electricity_KVArh_ValidInput_AmberValidation_CancelledImport" name="BudgetConsoleVerifyTest" time="14.53"/>
  <testcase classname="com.Budgets.Utility.Electricity.PR008_Budget_V3_TC093_Utility_Electricity_PassthroughCharges_PublishedView_ValidInput_GreenValidation_CancelledImport" name="BudgetConsoleVerifyTest" time="14.546"/>
  <testcase classname="com.Budgets.Utility.Electricity.PR008_Budget_V3_TC073_Utility_Electricity_RateTimeBand_ValidInput_GreenValidation_CancelledImport" name="BudgetConsoleVerifyTest" time="14.934"/>
  <testcase classname="com.Budgets.Utility.Electricity.PR008_Budget_V3_TC095_Utility_Electricity_PassthroughCharges_PublishedView_Combination_AmberAndRedValidation_FailedImport" name="BudgetConsoleVerifyTest" time="15.245"/>
  <testcase classname="com.Budgets.Utility.Electricity.PR008_Budget_V3_TC123_BudgetConsole_Electricity_InformationTab_ConditionalInput_Amber" name="BudgetConsoleVerifyTest" time="114.602"/>
  <testcase classname="com.Budgets.Utility.Electricity.PR008_Budget_V3_TC033_Utility_Electricity_ReferencePrices_ValidInput_AmberValidation" name="BudgetConsoleVerifyTest" time="15.956"/>
  <testcase classname="com.Budgets.Utility.Electricity.PR008_Budget_V3_TC088_Utility_Electricity_ForcastCharges_InvalidInput_AmberAndRedValidation_FailedImport" name="BudgetConsoleVerifyTest" time="14.53"/>
  <testcase classname="com.Budgets.Utility.Electricity.PR008_Budget_V3_TC041_Utility_Electricity_PassthroughCharges_InspiredEnergyView_ValidInput_GreenValidation" name="BudgetConsoleVerifyTest" time="17.092"/>
  <testcase classname="com.Budgets.Utility.Electricity.PR008_Budget_V3_TC086_Utility_Electricity_ForcastCharges_InvalidInput_RedValidation_FailedImport" name="BudgetConsoleVerifyTest" time="14.902"/>
  <testcase classname="com.Budgets.Utility.Electricity.PR008_Budget_V3_TC008_Utility_Electricity_Consumption_ValidInput_AmberValidation" name="BudgetConsoleVerifyTest" time="17.434"/>
  <testcase classname="com.Budgets.Utility.Electricity.PR008_Budget_V3_TC091_Utility_Electricity_ReferencePrices_ValidInput_AmberValidation_CancelledImport" name="BudgetConsoleVerifyTest" time="16.339"/>
  <testcase classname="com.Budgets.Utility.Electricity.PR008_Budget_V3_TC020_Utility_Electricity_KVArh_InvalidHeader" name="BudgetConsoleVerifyTest" time="9.824"/>
  <testcase classname="com.Budgets.Utility.Electricity.PR008_Budget_V3_TC027_Utility_Electricity_ForcastCharges_InvalidInput_RedValidation" name="BudgetConsoleVerifyTest" time="15.787"/>
  <testcase classname="com.Budgets.Utility.Electricity.PR008_Budget_V3_TC005_Utility_Electricity_Meters_InvalidHeader" name="newBudget" time="8.929"/>
  <testcase classname="com.Budgets.Utility.Electricity.PR008_Budget_V3_TC032_Utility_Electricity_ReferencePrices_InvalidInput_RedValidation" name="BudgetConsoleVerifyTest" time="15.036"/>
  <testcase classname="com.Budgets.Utility.Electricity.PR008_Budget_V3_TC107_Utility_Electricity_TPRs_Factors_TransmissionLossFactors_InvalidInput_AmberAndRedValidation_FailedImport" name="BudgetConsoleVerifyTest" time="15.03"/>
  <testcase classname="com.Budgets.Utility.Electricity.PR008_Budget_V3_TC019_Utility_Electricity_KVArh_InvalidInput_AmberAndRedValidation" name="BudgetConsoleVerifyTest" time="15.66"/>
  <testcase classname="com.Budgets.Utility.Electricity.PR008_Budget_V3_TC021_Utility_Electricity_ContractCharges_ValidInput_GreenValidation" name="BudgetConsoleVerifyTest" time="19.034"/>
  <testcase classname="com.Budgets.Utility.Electricity.PR008_Budget_V3_TC007_Utility_Electricity_Consumption_InvalidInput_RedValidation" name="BudgetConsoleVerifyTest" time="14.845"/>
  <testcase classname="com.Budgets.Utility.Electricity.PR008_Budget_V3_TC006_Utility_Electricity_Consumption_ValidInput_GreenValidation" name="BudgetConsoleVerifyTest" time="17.755"/>
  <testcase classname="com.Budgets.Utility.Electricity.PR008_Budget_V3_TC009_Utility_Electricity_Consumption_InvalidInput_AmberAndRedValidation" name="BudgetConsoleVerifyTest" time="14.771"/>
  <testcase classname="com.Budgets.Utility.Electricity.PR008_Budget_V3_TC054_Utility_Electricity_TPRs_Factors_TransmissionLossFactors_InvalidInput_AmberAndRedValidation" name="BudgetConsoleVerifyTest" time="15.02"/>
  <testcase classname="com.Budgets.Utility.Electricity.PR008_Budget_V3_TC111_Utility_Electricity_TPRs_Factors_DNORAGTimes_ValidInput_GreenValidation_CancelledImport" name="BudgetConsoleVerifyTest" time="15.674"/>
  <testcase classname="com.Budgets.Utility.Electricity.PR008_Budget_V3_TC037_Utility_Electricity_PassthroughCharges_PublishedView_InvalidInput_RedValidation" name="BudgetConsoleVerifyTest" time="14.652"/>
  <testcase classname="com.Budgets.Utility.Electricity.PR008_Budget_V3_TC081_Utility_Electricity_ContractCharges_ValidInput_GreenValidation_CancelledImport" name="BudgetConsoleVerifyTest" time="14.524"/>
  <testcase classname="com.Budgets.Utility.Electricity.PR008_Budget_V3_TC102_Utility_Electricity_TPRs_Factors_TransmissionLossFactors_InvalidInput_RedValidation_FailedImport" name="BudgetConsoleVerifyTest" time="16.219"/>
  <testcase classname="com.Budgets.Utility.Electricity.PR008_Budget_V3_TC044_Utility_Electricity_PassthroughCharges_InspiredEnergyView_InvalidInput_AmberAndRedVAlidation" name="BudgetConsoleVerifyTest" time="15.506"/>
  <testcase classname="com.Budgets.Utility.Electricity.PR008_Budget_V3_TC063_Utility_Electricity_UserDefinedVolumeExceptionMorethanNormal_KVArh_InvalidInput_RedValidation" name="BudgetConsoleVerifyTest" time="17.135"/>
  <testcase classname="com.Budgets.Utility.Electricity.PR008_Budget_V3_TC035_Utility_Electricity_ReferencePrices_InvalidHeader" name="BudgetConsoleVerifyTest" time="9.748"/>
  <testcase classname="com.Budgets.Utility.Electricity.PR008_Budget_V3_TC098_Utility_Electricity_PassthroughCharges_InspiredEnergyView_InvalidInput_RedValidation_FailedImport" name="BudgetConsoleVerifyTest" time="14.867"/>
  <testcase classname="com.Budgets.Utility.Electricity.PR008_Budget_V3_TC022_Utility_Electricity_ContractCharges_InvalidInput_RedValidation" name="BudgetConsoleVerifyTest" time="15.617"/>
  <testcase classname="com.Budgets.Utility.Electricity.PR008_Budget_V3_TC038_Utility_Electricity_PassthroughCharges_PublishedView_ValidInput_AmberValidation" name="BudgetConsoleVerifyTest" time="18.149"/>
  <testcase classname="com.Budgets.Utility.Electricity.PR008_Budget_V3_TC106_Utility_Electricity_TPRs_Factors_TransmissionLossFactors_InvalidInput_RedValidation_FailedImport" name="BudgetConsoleVerifyTest" time="15.831"/>
  <testcase classname="com.Budgets.Utility.Electricity.PR008_Budget_V3_TC122_BudgetConsole_Electricity_BudgetComparison_ValidInput_Green" name="BudgetConsoleVerifyTest" time="17.104"/>
  <testcase classname="com.Budgets.Utility.Electricity.PR008_Budget_V3_TC004_Utility_Electricity_Meters_InvalidInput_AmberAndRedValidation" name="newBudget" time="18.348"/>
  <testcase classname="com.Budgets.Utility.Electricity.PR008_Budget_V3_TC117_BudgetConsole_Electricity_InformationTab_ValidInput_Green" name="BudgetConsoleVerifyTest" time="111.691"/>
  <testcase classname="com.Budgets.Utility.Electricity.PR008_Budget_V3_TC103_Utility_Electricity_TPRs_Factors_TransmissionLossFactors_InvalidInput_AmberAndRedValidation_FailedImport" name="BudgetConsoleVerifyTest" time="14.315"/>
  <testcase classname="com.Budgets.Utility.Electricity.PR008_Budget_V3_TC062_Utility_Electricity_TPRs_Factors_TransmissionLossFactors_DNORAGTimes_InvalidInput_RedValidation" name="BudgetConsoleVerifyTest" time="16.775"/>
  <testcase classname="com.Budgets.Utility.Electricity.PR008_Budget_V3_TC061_Utility_Electricity_TPRs_Factors_TransmissionLossFactors_DNORAGTimes_ValidInput_GreenValidation" name="BudgetConsoleVerifyTest" time="17.473"/>
  <testcase classname="com.Budgets.Utility.Electricity.PR008_Budget_V3_TC124_BudgetConsole_Electricity_BudgetComparison_InvalidInput_Red" name="BudgetConsoleVerifyTest" time="15.999"/>
  <testcase classname="com.Budgets.Utility.Electricity.PR008_Budget_V3_TC118_BudgetConsole_Electricity_ConsumptionComparison_InvalidInput_Red" name="BudgetConsoleVerifyTest" time="16.227"/>
  <testcase classname="com.Budgets.Utility.Electricity.PR008_Budget_V3_TC016_Utility_Electricity_KVArh_ValidInput_GreenValidation" name="BudgetConsoleVerifyTest" time="16.484"/>
  <testcase classname="com.Budgets.Utility.Electricity.PR008_Budget_V3_TC001_Utility_Electricity_Meters_ValidInput_GreenValidation" name="newBudget" time="16.43"/>
  <testcase classname="com.Budgets.Utility.Electricity.PR008_Budget_V3_TC026_Utility_Electricity_ForcastCharges_ValidInput_GreenValidation" name="BudgetConsoleVerifyTest" time="17.226"/>
  <testcase classname="com.Budgets.Utility.Electricity.PR008_Budget_V3_TC018_Utility_Electricity_KVArh_ValidInput_AmberValidation" name="BudgetConsoleVerifyTest" time="16.323"/>
  <testcase classname="com.Budgets.Utility.Electricity.PR008_Budget_V3_TC084_Utility_Electricity_ContractCharges_InvalidInput_AmberAndRed_FailedImport" name="BudgetConsoleVerifyTest" time="14.631"/>
  <testcase classname="com.Budgets.Utility.Electricity.PR008_Budget_V3_TC119_BudgetConsole_Electricity_InformationTab_InvalidInput_Red" name="BudgetConsoleVerifyTest" time="104.74"/>
  <testcase classname="com.Budgets.Utility.Electricity.PR008_Budget_V3_TC034_Utility_Electricity_ReferencePrices_InvalidInput_AmberAndRedValidation" name="BudgetConsoleVerifyTest" time="14.523"/>
  <testcase classname="com.Budgets.Utility.Electricity.PR008_Budget_V3_TC100_Utility_Electricity_PassthroughCharges_InspiredEnergyView_InvalidInput_AmberAndRedValidation_FailedImport" name="BudgetConsoleVerifyTest" time="14.406"/>
  <testcase classname="com.Budgets.Utility.Electricity.PR008_Budget_V3_TC099_Utility_Electricity_PassthroughCharges_InspiredEnergyView_AmberValidation_CancelledImport" name="BudgetConsoleVerifyTest" time="14.194"/>
  <testcase classname="com.Budgets.Utility.Electricity.PR008_Budget_V3_TC080_Utility_Electricity_KVArh_InvalidInput_AmberAndRedValidation_FailedImport" name="BudgetConsoleVerifyTest" time="14.869"/>
  <testcase classname="com.Budgets.Utility.Electricity.PR008_Budget_V3_TC113_BudgetConsole_Electricity_InformationTab_Calculate_RedValidation" name="BudgetConsoleVerifyTest" time="105.337"/>
  <testcase classname="com.Budgets.Utility.Electricity.PR008_Budget_V3_TC060_Utility_Electricity_TPRs_Factors_TransmissionLossFactors_DNOFactors_ValidInput_InvalidHeader" name="BudgetConsoleVerifyTest" time="9.251"/>
  <testcase classname="com.Budgets.Utility.Electricity.PR008_Budget_V3_TC043_Utility_Electricity_PassthroughCharges_InspiredEnergyView_AmberValidation" name="BudgetConsoleVerifyTest" time="16.502"/>
  <testcase classname="com.Budgets.Utility.Electricity.PR008_Budget_V3_TC116_BudgetConsole_Electricity_ConsumptionComparison_ValidInput_Green" name="BudgetConsoleVerifyTest" time="17.423"/>
  <testcase classname="com.Budgets.Utility.Electricity.PR008_Budget_V3_TC101_Utility_Electricity_TPRs_Factors_TransmissionLossFactors_ValidInput_GreenValidation_CancelledImport" name="BudgetConsoleVerifyTest" time="14.71"/>
  <testcase classname="com.Budgets.Utility.Electricity.PR008_Budget_V3_TC092Utility_Electricity_ReferencePrices_InvalidInput_AmberAndRedValidation_FailedImport" name="BudgetConsoleVerifyTest" time="15.611"/>
  <testcase classname="com.Budgets.Utility.Electricity.PR008_Budget_V3_TC090_Utility_Electricity_ReferencePrices_InvalidInput_RedValidation_FailedImport" name="BudgetConsoleVerifyTest" time="14.472"/>
  <testcase classname="com.Budgets.Utility.Electricity.PR008_Budget_V3_TC056_Utility_Electricity_TPRs_Factors_TransmissionLossFactors_DNOFactors_ValidInput_GreenValidation" name="BudgetConsoleVerifyTest" time="17.496"/>
  <testcase classname="com.Budgets.Utility.Electricity.PR008_Budget_V3_TC108_Utility_Electricity_TPRs_Factors_DNORAGTimes_InvalidInput_RedValidation_FailedImport" name="BudgetConsoleVerifyTest" time="15.839"/>
  <testcase classname="com.Budgets.Utility.Electricity.PR008_Budget_V3_TC089_Utility_Electricity_ReferencePrices_ValidInput_GreenValidation_CancelledImport" name="BudgetConsoleVerifyTest" time="14.795"/>
  <testcase classname="com.Budgets.Utility.Electricity.PR008_Budget_V3_TC057_Utility_Electricity_TPRs_Factors_TransmissionLossFactors_DNOFactors_InvalidInput_RedValidation" name="BudgetConsoleVerifyTest" time="14.679"/>
  <testcase classname="com.Budgets.Utility.Electricity.PR008_Budget_V3_TC040_Utility_Electricity_PassthroughCharges_PublishedView_InvalidHeader" name="BudgetConsoleVerifyTest" time="10.559"/>
  <testcase classname="com.Budgets.Utility.Electricity.PR008_Budget_V3_TC017_Utility_Electricity_KVArh_InvalidInput_RedValidation" name="BudgetConsoleVerifyTest" time="16.552"/>
  <testcase classname="com.Budgets.Utility.Electricity.PR008_Budget_V3_TC030_Utility_Electricity_ForcastCharges_InvalidHeader" name="BudgetConsoleVerifyTest" time="9.137"/>
  <testcase classname="com.Budgets.Utility.Electricity.PR008_Budget_V3_TC114_BudgetConsole_Electricity_InformationTab_Calculate_AmberValidation" name="BudgetConsoleVerifyTest" time="51.676">
    <failure type="org.openqa.selenium.ElementClickInterceptedException" message="element click intercepted: Element &amp;lt;a class=&amp;quot;nav-link nav-link-secondary&amp;quot; data-importtype=&amp;quot;ElectricityReferencePrices&amp;quot; data-toggle=&amp;quot;tab&amp;quot; href=&amp;quot;#electricityReferencePrices&amp;quot;&amp;gt;...&amp;lt;/a&amp;gt; is not clickable at point (194, 413). Other element would receive the click: &amp;lt;div class=&amp;quot;modal modal-fade modalInput show&amp;quot; id=&amp;quot;modalUploadSummary&amp;quot; role=&amp;quot;dialog&amp;quot; data-backdrop=&amp;quot;static&amp;quot; data-keyboard=&amp;quot;false&amp;quot; style=&amp;quot;display: block;&amp;quot; aria-modal=&amp;quot;true&amp;quot;&amp;gt;...&amp;lt;/div&amp;gt;
  (Session info: chrome=93.0.4577.82)
Build info: version: &amp;apos;3.141.59&amp;apos;, revision: &amp;apos;e82be7d358&amp;apos;, time: &amp;apos;2018-11-14T08:17:03&amp;apos;
System info: host: &amp;apos;DESKTOP-LAETJ5A&amp;apos;, ip: &amp;apos;192.168.0.187&amp;apos;, os.name: &amp;apos;Windows 10&amp;apos;, os.arch: &amp;apos;amd64&amp;apos;, os.version: &amp;apos;10.0&amp;apos;, java.version: &amp;apos;16.0.2&amp;apos;
Driver info: org.openqa.selenium.chrome.ChromeDriver
Capabilities {acceptInsecureCerts: false, browserName: chrome, browserVersion: 93.0.4577.82, chrome: {chromedriverVersion: 92.0.4515.107 (87a818b10553..., userDataDir: C:\Users\Swapnja\AppData\Lo...}, goog:chromeOptions: {debuggerAddress: localhost:61741}, javascriptEnabled: true, networkConnectionEnabled: false, pageLoadStrategy: normal, platform: WINDOWS, platformName: WINDOWS, proxy: Proxy(), setWindowRect: true, strictFileInteractability: false, timeouts: {implicit: 0, pageLoad: 300000, script: 30000}, unhandledPromptBehavior: dismiss and notify, webauthn:extension:credBlob: true, webauthn:extension:largeBlob: true, webauthn:virtualAuthenticators: true}
Session ID: f5e625def5d108fc15e26560ff515432">
      <![CDATA[org.openqa.selenium.ElementClickInterceptedException: element click intercepted: Element <a class="nav-link nav-link-secondary" data-importtype="ElectricityReferencePrices" data-toggle="tab" href="#electricityReferencePrices">...</a> is not clickable at point (194, 413). Other element would receive the click: <div class="modal modal-fade modalInput show" id="modalUploadSummary" role="dialog" data-backdrop="static" data-keyboard="false" style="display: block;" aria-modal="true">...</div>
  (Session info: chrome=93.0.4577.82)
Build info: version: '3.141.59', revision: 'e82be7d358', time: '2018-11-14T08:17:03'
System info: host: 'DESKTOP-LAETJ5A', ip: '192.168.0.187', os.name: 'Windows 10', os.arch: 'amd64', os.version: '10.0', java.version: '16.0.2'
Driver info: org.openqa.selenium.chrome.ChromeDriver
Capabilities {acceptInsecureCerts: false, browserName: chrome, browserVersion: 93.0.4577.82, chrome: {chromedriverVersion: 92.0.4515.107 (87a818b10553..., userDataDir: C:\Users\Swapnja\AppData\Lo...}, goog:chromeOptions: {debuggerAddress: localhost:61741}, javascriptEnabled: true, networkConnectionEnabled: false, pageLoadStrategy: normal, platform: WINDOWS, platformName: WINDOWS, proxy: Proxy(), setWindowRect: true, strictFileInteractability: false, timeouts: {implicit: 0, pageLoad: 300000, script: 30000}, unhandledPromptBehavior: dismiss and notify, webauthn:extension:credBlob: true, webauthn:extension:largeBlob: true, webauthn:virtualAuthenticators: true}
Session ID: f5e625def5d108fc15e26560ff515432
	at java.base/jdk.internal.reflect.NativeConstructorAccessorImpl.newInstance0(Native Method)
	at java.base/jdk.internal.reflect.NativeConstructorAccessorImpl.newInstance(NativeConstructorAccessorImpl.java:78)
	at java.base/jdk.internal.reflect.DelegatingConstructorAccessorImpl.newInstance(DelegatingConstructorAccessorImpl.java:45)
	at java.base/java.lang.reflect.Constructor.newInstanceWithCaller(Constructor.java:499)
	at java.base/java.lang.reflect.Constructor.newInstance(Constructor.java:480)
	at org.openqa.selenium.remote.http.W3CHttpResponseCodec.createException(W3CHttpResponseCodec.java:187)
	at org.openqa.selenium.remote.http.W3CHttpResponseCodec.decode(W3CHttpResponseCodec.java:122)
	at org.openqa.selenium.remote.http.W3CHttpResponseCodec.decode(W3CHttpResponseCodec.java:49)
	at org.openqa.selenium.remote.HttpCommandExecutor.execute(HttpCommandExecutor.java:158)
	at org.openqa.selenium.remote.service.DriverCommandExecutor.execute(DriverCommandExecutor.java:83)
	at org.openqa.selenium.remote.RemoteWebDriver.execute(RemoteWebDriver.java:552)
	at org.openqa.selenium.remote.RemoteWebElement.execute(RemoteWebElement.java:285)
	at org.openqa.selenium.remote.RemoteWebElement.click(RemoteWebElement.java:84)
	at com.Base.SeleniumHandlers.ElementHandler.leftPanelclick(ElementHandler.java:174)
	at com.Budgets.PageHandlers.InformationImportHandler.InformationImportFileUpload(InformationImportHandler.java:22)
	at com.Budgets.Utility.Electricity.PR008_Budget_V3_TC114_BudgetConsole_Electricity_InformationTab_Calculate_AmberValidation.BudgetConsoleVerifyTest(PR008_Budget_V3_TC114_BudgetConsole_Electricity_InformationTab_Calculate_AmberValidation.java:44)
	at java.base/jdk.internal.reflect.NativeMethodAccessorImpl.invoke0(Native Method)
	at java.base/jdk.internal.reflect.NativeMethodAccessorImpl.invoke(NativeMethodAccessorImpl.java:78)
	at java.base/jdk.internal.reflect.DelegatingMethodAccessorImpl.invoke(DelegatingMethodAccessorImpl.java:43)
	at java.base/java.lang.reflect.Method.invoke(Method.java:567)
	at org.testng.internal.MethodInvocationHelper.invokeMethod(MethodInvocationHelper.java:80)
	at org.testng.internal.Invoker.invokeMethod(Invoker.java:714)
	at org.testng.internal.Invoker.invokeTestMethod(Invoker.java:901)
	at org.testng.internal.Invoker.invokeTestMethods(Invoker.java:1231)
	at org.testng.internal.TestMethodWorker.invokeTestMethods(TestMethodWorker.java:127)
	at org.testng.internal.TestMethodWorker.run(TestMethodWorker.java:111)
	at org.testng.TestRunner.privateRun(TestRunner.java:767)
	at org.testng.TestRunner.run(TestRunner.java:617)
	at org.testng.SuiteRunner.runTest(SuiteRunner.java:334)
	at org.testng.SuiteRunner.runSequentially(SuiteRunner.java:329)
	at org.testng.SuiteRunner.privateRun(SuiteRunner.java:291)
	at org.testng.SuiteRunner.run(SuiteRunner.java:240)
	at org.testng.SuiteRunnerWorker.runSuite(SuiteRunnerWorker.java:52)
	at org.testng.SuiteRunnerWorker.run(SuiteRunnerWorker.java:86)
	at org.testng.TestNG.runSuitesSequentially(TestNG.java:1198)
	at org.testng.TestNG.runSuitesLocally(TestNG.java:1123)
	at org.testng.TestNG.run(TestNG.java:1031)
	at org.testng.remote.AbstractRemoteTestNG.run(AbstractRemoteTestNG.java:115)
	at org.testng.remote.RemoteTestNG.initAndRun(RemoteTestNG.java:251)
	at org.testng.remote.RemoteTestNG.main(RemoteTestNG.java:77)
]]>
    </failure>
  </testcase> <!-- BudgetConsoleVerifyTest -->
  <testcase classname="com.Budgets.Utility.Electricity.PR008_Budget_V3_TC051_Utility_Electricity_TPRs_Factors_TransmissionLossFactors_ValidInput_GreenValidation" name="BudgetConsoleVerifyTest" time="0.001">
    <skipped/>
  </testcase> <!-- BudgetConsoleVerifyTest -->
  <testcase classname="com.Budgets.Utility.Electricity.PR008_Budget_V3_TC112_BudgetConsole_Electricity_InformationTab_Calculate_GreenValidation" name="BudgetConsoleVerifyTest" time="0.0">
    <skipped/>
  </testcase> <!-- BudgetConsoleVerifyTest -->
  <testcase classname="com.Budgets.Utility.Electricity.PR008_Budget_V3_TC083_Utility_Electricity_ContractCharges_ValidInput_AmberValidation_CancelledImport" name="BudgetConsoleVerifyTest" time="0.0">
    <skipped/>
  </testcase> <!-- BudgetConsoleVerifyTest -->
  <testcase classname="com.Budgets.Utility.Electricity.PR008_Budget_V3_TC069_Utility_Electricity_Meters_InvalidInput_AmberAndRedValidation_FailedImport" name="newBudget" time="0.001">
    <skipped/>
  </testcase> <!-- newBudget -->
  <testcase classname="com.Budgets.Utility.Electricity.PR008_Budget_V3_TC107_Utility_Electricity_TPRs_Factors_DNORAGTimes_ValidInput_GreenValidation_CancelledImport" name="BudgetConsoleVerifyTest" time="0.001">
    <skipped/>
  </testcase> <!-- BudgetConsoleVerifyTest -->
  <testcase classname="com.Budgets.Utility.Electricity.PR008_Budget_V3_TC125_BudgetConsole_Electricity_BudgetComparison_InvalidHeader" name="BudgetConsoleVerifyTest" time="0.0">
    <skipped/>
  </testcase> <!-- BudgetConsoleVerifyTest -->
  <testcase classname="com.Budgets.Utility.Electricity.PR008_Budget_V3_TC078_Utility_Electricity_KVArh_InvalidInput_RedValidation_FailedImport" name="BudgetConsoleVerifyTest" time="0.0">
    <skipped/>
  </testcase> <!-- BudgetConsoleVerifyTest -->
  <testcase classname="com.Budgets.Utility.Electricity.PR008_Budget_V3_TC052_Utility_Electricity_TPRs_Factors_TransmissionLossFactors_InvalidInput_RedValidation" name="BudgetConsoleVerifyTest" time="0.0">
    <skipped/>
  </testcase> <!-- BudgetConsoleVerifyTest -->
  <testcase classname="com.Budgets.Utility.Electricity.PR008_Budget_V3_TC012_Utility_Electricity_RateTimeBands_InvalidInput_RedValidation" name="BudgetConsoleVerifyTest" time="0.0">
    <skipped/>
  </testcase> <!-- BudgetConsoleVerifyTest -->
  <testcase classname="com.Budgets.Utility.Electricity.PR008_Budget_V3_TC023_Utility_Electricity_ContractCharges_ValidInput_AmberValidation" name="BudgetConsoleVerifyTest" time="0.0">
    <skipped/>
  </testcase> <!-- BudgetConsoleVerifyTest -->
  <testcase classname="com.Budgets.Utility.Electricity.PR008_Budget_V3_TC106_Utility_Electricity_TPRs_Factors_DNOFactors_InvalidInput_RedValidation_FailedImport" name="BudgetConsoleVerifyTest" time="0.0">
    <skipped/>
  </testcase> <!-- BudgetConsoleVerifyTest -->
  <testcase classname="com.Budgets.Utility.Electricity.PR008_Budget_V3_TC085_Utility_Electricity_ForcastCharges_ValidInput_GreenValidation_CancelledImport" name="BudgetConsoleVerifyTest" time="0.0">
    <skipped/>
  </testcase> <!-- BudgetConsoleVerifyTest -->
  <testcase classname="com.Budgets.Utility.Electricity.PR008_Budget_V3_TC013_Utility_Electricity_RateTimeBands_ValidInput_AmberValidation" name="BudgetConsoleVerifyTest" time="0.0">
    <skipped/>
  </testcase> <!-- BudgetConsoleVerifyTest -->
  <testcase classname="com.Budgets.Utility.Electricity.PR008_Budget_V3_TC002_Utility_Electricity_Meters_InvalidInput_RedValidation" name="newBudget" time="0.0">
    <skipped/>
  </testcase> <!-- newBudget -->
  <testcase classname="com.Budgets.Utility.Electricity.PR008_Budget_V3_TC065_Utility_Electricity_TPRs_Factors_TransmissionLossFactors_DNORAGTimes_InvalidHeader" name="BudgetConsoleVerifyTest" time="0.001">
    <skipped/>
  </testcase> <!-- BudgetConsoleVerifyTest -->
  <testcase classname="com.Budgets.Utility.Electricity.PR008_Budget_V3_TC120_BudgetConsole_Electricity_ConsumptionComparison_InvalidHeader" name="BudgetConsoleVerifyTest" time="0.0">
    <skipped/>
  </testcase> <!-- BudgetConsoleVerifyTest -->
  <testcase classname="com.Budgets.Utility.Electricity.PR008_Budget_V3_TC014_Utility_Electricity_UserDefinedVolumeExceptionMorethanNormal_KVArh_ValidInput_GreenValidation" name="BudgetConsoleVerifyTest" time="0.0">
    <skipped/>
  </testcase> <!-- BudgetConsoleVerifyTest -->
  <testcase classname="com.Budgets.Utility.Electricity.PR008_Budget_V3_TC039_Utility_Electricity_PassthroughCharges_PublishedView_Combination_AmberAndRedValidation" name="BudgetConsoleVerifyTest" time="0.0">
    <skipped/>
  </testcase> <!-- BudgetConsoleVerifyTest -->
  <testcase classname="com.Budgets.Utility.Electricity.PR008_Budget_V3_TC058_Electricity_ConsumptionAdjusment_Green" name="BudgetConsoleVerifyTest" time="0.001">
    <skipped/>
  </testcase> <!-- BudgetConsoleVerifyTest -->
  <testcase classname="com.Budgets.Utility.Electricity.PR008_Budget_V3_TC055_Utility_Electricity_TPRs_Factors_TransmissionLossFactors_InvalidHeader" name="BudgetConsoleVerifyTest" time="0.0">
    <skipped/>
  </testcase> <!-- BudgetConsoleVerifyTest -->
  <testcase classname="com.Budgets.Utility.Electricity.PR008_Budget_V3_TC072_Utility_Electricity_Consumption_InvalidInput_RedValidation_FailedImport" name="BudgetConsoleVerifyTest" time="0.0">
    <skipped/>
  </testcase> <!-- BudgetConsoleVerifyTest -->
  <testcase classname="com.Budgets.Utility.Electricity.PR008_Budget_V3_TC074_Utility_Electricity_RateTimeBands_InvalidInput_RedValidation_FailedImport" name="BudgetConsoleVerifyTest" time="0.001">
    <skipped/>
  </testcase> <!-- BudgetConsoleVerifyTest -->
  <testcase classname="com.Budgets.Utility.Electricity.PR008_Budget_V3_TC042_Utility_Electricity_PassthroughCharges_InspiredEnergyView_InvalidInput_RedValidation" name="BudgetConsoleVerifyTest" time="0.0">
    <skipped/>
  </testcase> <!-- BudgetConsoleVerifyTest -->
  <testcase classname="com.Budgets.Utility.Electricity.PR008_Budget_V3_TC015_Utility_Electricity_RateTimeBands_InvalidHeader" name="BudgetConsoleVerifyTest" time="0.0">
    <skipped/>
  </testcase> <!-- BudgetConsoleVerifyTest -->
  <testcase classname="com.Budgets.Utility.Electricity.PR008_Budget_V3_TC067_Utility_Electricity_Meters_InvalidInput_RedValidation_FailedImport" name="newBudget" time="0.0">
    <skipped/>
  </testcase> <!-- newBudget -->
  <testcase classname="com.Budgets.Utility.Electricity.PR008_Budget_V3_TC025_Utility_Electricity_ContractCharges_InvalidHeader" name="BudgetConsoleVerifyTest" time="0.001">
    <skipped/>
  </testcase> <!-- BudgetConsoleVerifyTest -->
  <testcase classname="com.Budgets.Utility.Electricity.PR008_Budget_V3_TC096_Utility_Electricity_PassthroughCharges_PublishedView_ValidInput_AmberValidation_CancelledImport" name="BudgetConsoleVerifyTest" time="0.001">
    <skipped/>
  </testcase> <!-- BudgetConsoleVerifyTest -->
  <testcase classname="com.Budgets.Utility.Electricity.PR008_Budget_V3_TC094_Utility_Electricity_PassthroughCharges_PublishedView_InvalidInput_RedValidation_FailedImport" name="BudgetConsoleVerifyTest" time="0.0">
    <skipped/>
  </testcase> <!-- BudgetConsoleVerifyTest -->
  <testcase classname="com.Budgets.Utility.Electricity.PR008_Budget_V3_TC121_BudgetConsole_Electricity_InformationTab_Combination_Valid_Invalid" name="BudgetConsoleVerifyTest" time="0.003">
    <skipped/>
  </testcase> <!-- BudgetConsoleVerifyTest -->
  <testcase classname="com.Budgets.Utility.Electricity.PR008_Budget_V3_TC070_Utility_Electricity_Consumption_ValidInput_GreenValidation_CancelledImport" name="BudgetConsoleVerifyTest" time="0.0">
    <skipped/>
  </testcase> <!-- BudgetConsoleVerifyTest -->
  <testcase classname="com.Budgets.Utility.Electricity.PR008_Budget_V3_TC028_Utility_Electricity_ForcastCharges_Validinput_AmberValidation" name="BudgetConsoleVerifyTest" time="0.001">
    <skipped/>
  </testcase> <!-- BudgetConsoleVerifyTest -->
  <testcase classname="com.Budgets.Utility.Electricity.PR008_Budget_V3_TC104_Utility_Electricity_TPRs_Factors_TransmissionLossFactors_ValidInput_AmberValidation_CancelledImport" name="BudgetConsoleVerifyTest" time="0.0">
    <skipped/>
  </testcase> <!-- BudgetConsoleVerifyTest -->
  <testcase classname="com.Budgets.Utility.Electricity.PR008_Budget_V3_TC031_Utility_Electricity_ReferencePrices_ValidInput_GreenValidation" name="BudgetConsoleVerifyTest" time="0.0">
    <skipped/>
  </testcase> <!-- BudgetConsoleVerifyTest -->
  <testcase classname="com.Budgets.Utility.Electricity.PR008_Budget_V3_TC115_BudgetSummary_Electricity" name="BudgetConsoleVerifyTest" time="0.001">
    <skipped/>
  </testcase> <!-- BudgetConsoleVerifyTest -->
  <testcase classname="com.Budgets.Utility.Electricity.PR008_Budget_V3_TC029_Utility_Electricity_ForcastCharges_InvalidInput_AmberAndRedValidation" name="BudgetConsoleVerifyTest" time="0.001">
    <skipped/>
  </testcase> <!-- BudgetConsoleVerifyTest -->
  <testcase classname="com.Budgets.Utility.Electricity.PR008_Budget_V3_TC059_Electricity_ConsumptionAdjusment_Red" name="BudgetConsoleVerifyTest" time="0.0">
    <skipped/>
  </testcase> <!-- BudgetConsoleVerifyTest -->
  <testcase classname="com.Budgets.Utility.Electricity.PR008_Budget_V3_TC045_Utility_Electricity_PassthroughCharges_InspiredEnergyView_InvalidHeader" name="BudgetConsoleVerifyTest" time="0.0">
    <skipped/>
  </testcase> <!-- BudgetConsoleVerifyTest -->
  <testcase classname="com.Budgets.Utility.Electricity.PR008_Budget_V3_TC082_Utility_Electricity_ContractCharges_InvalidInput_RedValidation_FailedImport" name="BudgetConsoleVerifyTest" time="0.0">
    <skipped/>
  </testcase> <!-- BudgetConsoleVerifyTest -->
  <testcase classname="com.Budgets.Utility.Electricity.PR008_Budget_V3_TC105_Utility_Electricity_TPRs_Factors_DNOFactors_ValidInput_GreenValidation_CancelledImport" name="BudgetConsoleVerifyTest" time="0.001">
    <skipped/>
  </testcase> <!-- BudgetConsoleVerifyTest -->
  <testcase classname="com.Budgets.Utility.Electricity.PR008_Budget_V3_TC053_Utility_Electricity_TPRs_Factors_TransmissionLossFactors_ValidInput_AmberValidation" name="BudgetConsoleVerifyTest" time="0.001">
    <skipped/>
  </testcase> <!-- BudgetConsoleVerifyTest -->
  <testcase classname="com.Budgets.Utility.Electricity.PR008_Budget_V3_TC110_Utility_Electricity_TPRs_Factors_DNOFactors_InvalidInput_RedValidation_FailedImport" name="BudgetConsoleVerifyTest" time="0.0">
    <skipped/>
  </testcase> <!-- BudgetConsoleVerifyTest -->
  <testcase classname="com.Budgets.Utility.Electricity.PR008_Budget_V3_TC126_Calculate_Budget_VAT_Toggle_Electricity" name="VATBudgetCalculate" time="0.001">
    <skipped/>
  </testcase> <!-- VATBudgetCalculate -->
  <testcase classname="com.Budgets.Utility.Electricity.PR008_Budget_V3_TC087_Utility_Electricity_ForcastCharges_Validinput_AmberValidation_CancelledImport" name="BudgetConsoleVerifyTest" time="0.0">
    <skipped/>
  </testcase> <!-- BudgetConsoleVerifyTest -->
  <testcase classname="com.Budgets.Utility.Electricity.PR008_Budget_V3_TC105_Utility_Electricity_TPRs_Factors_TransmissionLossFactors_ValidInput_GreenValidation_CancelledImport" name="BudgetConsoleVerifyTest" time="0.0">
    <skipped/>
  </testcase> <!-- BudgetConsoleVerifyTest -->
  <testcase classname="com.Budgets.Utility.Electricity.PR008_Budget_V3_TC108_Utility_Electricity_TPRs_Factors_TransmissionLossFactors_ValidInput_AmberValidation_CancelledImport" name="BudgetConsoleVerifyTest" time="0.001">
    <skipped/>
  </testcase> <!-- BudgetConsoleVerifyTest -->
  <testcase classname="com.Budgets.Utility.Electricity.PR008_Budget_V3_TC011_Utility_Electricity_RateTimeBand_ValidInput_GreenValidation" name="BudgetConsoleVerifyTest" time="0.001">
    <skipped/>
  </testcase> <!-- BudgetConsoleVerifyTest -->
  <testcase classname="com.Budgets.Utility.Electricity.PR008_Budget_V3_TC003_Utility_Electricity_Meters_ValidInput_AmberValidation" name="newBudget" time="0.001">
    <skipped/>
  </testcase> <!-- newBudget -->
  <testcase classname="com.Budgets.Utility.Electricity.PR008_Budget_V3_TC077_Utility_Electricity_KVArh_ValidInput_GreenValidation_CancelledImport" name="BudgetConsoleVerifyTest" time="0.001">
    <skipped/>
  </testcase> <!-- BudgetConsoleVerifyTest -->
  <testcase classname="com.Budgets.Utility.Electricity.PR008_Budget_V3_TC010_Utility_Electricity_Consumption_InvalidHeader" name="BudgetConsoleVerifyTest" time="0.001">
    <skipped/>
  </testcase> <!-- BudgetConsoleVerifyTest -->
  <testcase classname="com.Budgets.Utility.Electricity.PR008_Budget_V3_TC097_Utility_Electricity_PassthroughCharges_InspiredEnergyView_ValidInput_GreenValidation_CancelledImport" name="BudgetConsoleVerifyTest" time="0.0">
    <skipped/>
  </testcase> <!-- BudgetConsoleVerifyTest -->
  <testcase classname="com.Budgets.Utility.Electricity.PR008_Budget_V3_TC036_Utility_Electricity_PassthroughCharges_PublishedView_ValidInput_GreenValidation" name="BudgetConsoleVerifyTest" time="0.0">
    <skipped/>
  </testcase> <!-- BudgetConsoleVerifyTest -->
  <testcase classname="com.Budgets.Utility.Electricity.PR008_Budget_V3_TC066_Utility_Electricity_Meters_ValidInput_GreenValidation_CancelledImport" name="newBudget" time="0.0">
    <skipped/>
  </testcase> <!-- newBudget -->
  <testcase classname="com.Budgets.Utility.Electricity.PR008_Budget_V3_TC109_Utility_Electricity_TPRs_Factors_DNOFactors_ValidInput_GreenValidation_CancelledImport" name="BudgetConsoleVerifyTest" time="0.0">
    <skipped/>
  </testcase> <!-- BudgetConsoleVerifyTest -->
</testsuite> <!-- Default test -->
